2025-09-04 20:56:30 - INFO - Client registered successfully
2025-09-04 20:56:30 - INFO - Screenshot capture started
2025-09-04 20:56:30 - INFO - Browser monitoring started
2025-09-04 20:56:30 - INFO - Process monitoring started
2025-09-04 20:56:30 - INFO - Stream handler started - waiting for stream requests
2025-09-04 20:56:30 - INFO - Tenjo client started successfully
2025-09-04 20:56:30 - INFO - Screenshot captured and sent
2025-09-04 20:56:50 - INFO - Client registered successfully
2025-09-04 20:56:50 - INFO - Screenshot capture started
2025-09-04 20:56:50 - INFO - Browser monitoring started
2025-09-04 20:56:50 - INFO - Process monitoring started
2025-09-04 20:56:50 - INFO - Stream handler started - waiting for stream requests
2025-09-04 20:56:50 - INFO - Tenjo client started successfully
2025-09-04 20:56:51 - INFO - Screenshot captured and sent
2025-09-04 20:57:02 - WARNING - API endpoint not found: /api/process-stats
2025-09-04 20:57:05 - INFO - Client stopped by user
2025-09-04 20:57:12 - WARNING - API endpoint not found: /api/process-stats
2025-09-04 20:57:22 - WARNING - API endpoint not found: /api/process-stats
2025-09-04 20:57:30 - WARNING - API endpoint not found: /api/clients/heartbeat
2025-09-04 20:57:30 - INFO - Screenshot captured and sent
2025-09-04 20:57:32 - WARNING - API endpoint not found: /api/process-stats
2025-09-04 20:57:42 - WARNING - API endpoint not found: /api/process-stats
2025-09-04 20:57:52 - WARNING - API endpoint not found: /api/process-stats
2025-09-04 20:58:03 - WARNING - API endpoint not found: /api/process-stats
2025-09-04 20:58:06 - INFO - Client registered successfully
2025-09-04 20:58:06 - INFO - Screenshot capture started
2025-09-04 20:58:06 - INFO - Browser monitoring started
2025-09-04 20:58:06 - INFO - Process monitoring started
2025-09-04 20:58:06 - INFO - Stream handler started - waiting for stream requests
2025-09-04 20:58:06 - INFO - Tenjo client started successfully
2025-09-04 20:58:06 - INFO - Screenshot captured and sent
2025-09-04 20:58:13 - WARNING - API endpoint not found: /api/process-stats
2025-09-04 20:58:23 - WARNING - API endpoint not found: /api/process-stats
2025-09-04 20:58:30 - WARNING - API endpoint not found: /api/clients/heartbeat
2025-09-04 20:58:31 - INFO - Screenshot captured and sent
2025-09-04 20:58:33 - WARNING - API endpoint not found: /api/process-stats
2025-09-04 20:58:35 - WARNING - API endpoint not found: /api/process-stats
2025-09-04 20:58:43 - WARNING - API endpoint not found: /api/process-stats
2025-09-04 20:58:45 - WARNING - API endpoint not found: /api/process-stats
2025-09-04 20:58:53 - WARNING - API endpoint not found: /api/process-stats
2025-09-04 20:58:55 - WARNING - API endpoint not found: /api/process-stats
2025-09-04 20:59:03 - WARNING - API endpoint not found: /api/process-stats
2025-09-04 20:59:05 - WARNING - API endpoint not found: /api/process-stats
2025-09-04 20:59:06 - WARNING - API endpoint not found: /api/clients/heartbeat
2025-09-04 20:59:06 - INFO - Screenshot captured and sent
2025-09-04 20:59:13 - WARNING - API endpoint not found: /api/process-stats
2025-09-04 20:59:15 - WARNING - API endpoint not found: /api/process-stats
2025-09-04 20:59:23 - WARNING - API endpoint not found: /api/process-stats
2025-09-04 20:59:25 - WARNING - API endpoint not found: /api/process-stats
2025-09-04 20:59:30 - WARNING - API endpoint not found: /api/clients/heartbeat
2025-09-04 20:59:31 - INFO - Screenshot captured and sent
2025-09-04 20:59:34 - WARNING - API endpoint not found: /api/process-stats
2025-09-04 20:59:35 - WARNING - API endpoint not found: /api/process-stats
2025-09-04 20:59:44 - WARNING - API endpoint not found: /api/process-stats
2025-09-04 20:59:45 - WARNING - API endpoint not found: /api/process-stats
2025-09-04 20:59:54 - WARNING - API endpoint not found: /api/process-stats
2025-09-04 20:59:55 - WARNING - API endpoint not found: /api/process-stats
2025-09-04 21:00:04 - WARNING - API endpoint not found: /api/process-stats
2025-09-04 21:00:05 - WARNING - API endpoint not found: /api/process-stats
2025-09-04 21:00:06 - WARNING - API endpoint not found: /api/clients/heartbeat
2025-09-04 21:00:07 - INFO - Screenshot captured and sent
2025-09-04 21:00:14 - WARNING - API endpoint not found: /api/process-stats
2025-09-04 21:00:15 - WARNING - API endpoint not found: /api/process-stats
2025-09-04 21:00:24 - WARNING - API endpoint not found: /api/process-stats
2025-09-04 21:00:25 - WARNING - API endpoint not found: /api/process-stats
2025-09-04 21:00:30 - WARNING - API endpoint not found: /api/clients/heartbeat
2025-09-04 21:00:31 - INFO - Screenshot captured and sent
2025-09-04 21:00:34 - WARNING - API endpoint not found: /api/process-stats
2025-09-04 21:00:36 - WARNING - API endpoint not found: /api/process-stats
2025-09-04 21:00:44 - WARNING - API endpoint not found: /api/process-stats
2025-09-04 21:00:46 - WARNING - API endpoint not found: /api/process-stats
2025-09-04 21:00:55 - WARNING - API endpoint not found: /api/process-stats
2025-09-04 21:00:56 - WARNING - API endpoint not found: /api/process-stats
2025-09-04 21:01:05 - WARNING - API endpoint not found: /api/process-stats
2025-09-04 21:01:06 - WARNING - API endpoint not found: /api/process-stats
2025-09-04 21:01:06 - WARNING - API endpoint not found: /api/clients/heartbeat
2025-09-04 21:01:07 - INFO - Screenshot captured and sent
2025-09-04 21:01:10 - INFO - Client stopped by user
2025-09-04 21:01:15 - WARNING - API endpoint not found: /api/process-stats
2025-09-04 21:01:25 - WARNING - API endpoint not found: /api/process-stats
2025-09-04 21:01:30 - WARNING - API endpoint not found: /api/clients/heartbeat
2025-09-04 21:01:31 - INFO - Screenshot captured and sent
2025-09-04 21:01:35 - WARNING - API endpoint not found: /api/process-stats
2025-09-04 21:01:36 - INFO - Client registered successfully
2025-09-04 21:01:45 - WARNING - API endpoint not found: /api/process-stats
2025-09-04 21:01:55 - WARNING - API endpoint not found: /api/process-stats
2025-09-04 21:02:05 - WARNING - API endpoint not found: /api/process-stats
2025-09-04 21:02:15 - WARNING - API endpoint not found: /api/process-stats
2025-09-04 21:02:25 - WARNING - API endpoint not found: /api/process-stats
2025-09-04 21:02:30 - WARNING - API endpoint not found: /api/clients/heartbeat
2025-09-04 21:02:31 - INFO - Screenshot captured and sent
2025-09-04 21:02:36 - WARNING - API endpoint not found: /api/process-stats
2025-09-04 21:02:46 - WARNING - API endpoint not found: /api/process-stats
2025-09-04 21:02:56 - WARNING - API endpoint not found: /api/process-stats
2025-09-04 21:03:06 - WARNING - API endpoint not found: /api/process-stats
2025-09-04 21:03:16 - WARNING - API endpoint not found: /api/process-stats
2025-09-04 21:03:26 - WARNING - API endpoint not found: /api/process-stats
2025-09-04 21:03:30 - WARNING - API endpoint not found: /api/clients/heartbeat
2025-09-04 21:03:32 - INFO - Screenshot captured and sent
2025-09-04 21:03:36 - WARNING - API endpoint not found: /api/process-stats
2025-09-04 21:03:46 - WARNING - API endpoint not found: /api/process-stats
2025-09-04 21:03:56 - WARNING - API endpoint not found: /api/process-stats
2025-09-04 21:04:07 - WARNING - API endpoint not found: /api/process-stats
2025-09-04 21:04:08 - INFO - Client registered successfully
2025-09-04 21:04:08 - INFO - Screenshot capture started
2025-09-04 21:04:08 - INFO - Browser monitoring started
2025-09-04 21:04:08 - INFO - Process monitoring started
2025-09-04 21:04:08 - INFO - Stream handler started - waiting for stream requests
2025-09-04 21:04:08 - INFO - Tenjo client started successfully
2025-09-04 21:04:09 - INFO - Screenshot 1 uploaded successfully
2025-09-04 21:04:09 - INFO - Screenshot capture cycle completed
2025-09-04 21:04:17 - WARNING - API endpoint not found: /api/process-stats
2025-09-04 21:04:27 - WARNING - API endpoint not found: /api/process-stats
2025-09-04 21:04:29 - INFO - Client stopped by user
2025-09-04 21:04:30 - WARNING - API endpoint not found: /api/clients/heartbeat
2025-09-04 21:04:32 - INFO - Screenshot captured and sent
2025-09-04 21:04:37 - WARNING - API endpoint not found: /api/process-stats
2025-09-04 21:04:47 - WARNING - API endpoint not found: /api/process-stats
2025-09-04 21:04:57 - WARNING - API endpoint not found: /api/process-stats
2025-09-04 21:05:07 - WARNING - API endpoint not found: /api/process-stats
2025-09-04 21:05:18 - WARNING - API endpoint not found: /api/process-stats
2025-09-04 21:05:28 - WARNING - API endpoint not found: /api/process-stats
2025-09-04 21:05:31 - WARNING - API endpoint not found: /api/clients/heartbeat
2025-09-04 21:05:32 - INFO - Screenshot captured and sent
2025-09-04 21:05:38 - WARNING - API endpoint not found: /api/process-stats
2025-09-04 21:05:48 - WARNING - API endpoint not found: /api/process-stats
2025-09-04 21:05:58 - WARNING - API endpoint not found: /api/process-stats
2025-09-04 21:06:08 - WARNING - API endpoint not found: /api/process-stats
2025-09-04 21:06:18 - WARNING - API endpoint not found: /api/process-stats
2025-09-04 21:06:28 - WARNING - API endpoint not found: /api/process-stats
2025-09-04 21:06:31 - WARNING - API endpoint not found: /api/clients/heartbeat
2025-09-04 21:06:32 - INFO - Screenshot captured and sent
2025-09-04 21:06:39 - WARNING - API endpoint not found: /api/process-stats
2025-09-04 21:06:49 - WARNING - API endpoint not found: /api/process-stats
2025-09-04 21:06:59 - WARNING - API endpoint not found: /api/process-stats
2025-09-04 21:07:09 - WARNING - API endpoint not found: /api/process-stats
2025-09-04 21:07:19 - WARNING - API endpoint not found: /api/process-stats
2025-09-04 21:07:29 - WARNING - API endpoint not found: /api/process-stats
2025-09-04 21:07:31 - WARNING - API endpoint not found: /api/clients/heartbeat
2025-09-04 21:07:32 - INFO - Screenshot captured and sent
2025-09-04 21:07:39 - WARNING - API endpoint not found: /api/process-stats
2025-09-04 21:07:49 - WARNING - API endpoint not found: /api/process-stats
2025-09-04 21:07:59 - WARNING - API endpoint not found: /api/process-stats
2025-09-04 21:08:09 - WARNING - API endpoint not found: /api/process-stats
2025-09-04 21:08:20 - WARNING - API endpoint not found: /api/process-stats
2025-09-04 21:08:30 - WARNING - API endpoint not found: /api/process-stats
2025-09-04 21:08:31 - WARNING - API endpoint not found: /api/clients/heartbeat
2025-09-04 21:08:33 - INFO - Screenshot captured and sent
2025-09-04 21:08:40 - WARNING - API endpoint not found: /api/process-stats
2025-09-04 21:08:50 - WARNING - API endpoint not found: /api/process-stats
2025-09-04 21:09:00 - WARNING - API endpoint not found: /api/process-stats
2025-09-04 21:09:10 - WARNING - API endpoint not found: /api/process-stats
2025-09-04 21:09:20 - WARNING - API endpoint not found: /api/process-stats
2025-09-04 21:09:30 - WARNING - API endpoint not found: /api/process-stats
2025-09-04 21:09:31 - WARNING - API endpoint not found: /api/clients/heartbeat
2025-09-04 21:09:33 - INFO - Screenshot captured and sent
2025-09-04 21:09:41 - WARNING - API endpoint not found: /api/process-stats
2025-09-04 21:09:51 - WARNING - API endpoint not found: /api/process-stats
2025-09-04 21:10:01 - WARNING - API endpoint not found: /api/process-stats
2025-09-04 21:10:11 - WARNING - API endpoint not found: /api/process-stats
2025-09-04 21:10:21 - WARNING - API endpoint not found: /api/process-stats
2025-09-04 21:10:31 - WARNING - API endpoint not found: /api/clients/heartbeat
2025-09-04 21:10:31 - WARNING - API endpoint not found: /api/process-stats
2025-09-04 21:10:33 - INFO - Screenshot captured and sent
2025-09-04 21:10:41 - WARNING - API endpoint not found: /api/process-stats
2025-09-04 21:10:51 - WARNING - API endpoint not found: /api/process-stats
2025-09-04 21:11:02 - WARNING - API endpoint not found: /api/process-stats
2025-09-04 21:11:12 - WARNING - API endpoint not found: /api/process-stats
2025-09-04 21:11:22 - WARNING - API endpoint not found: /api/process-stats
2025-09-04 21:11:31 - WARNING - API endpoint not found: /api/clients/heartbeat
2025-09-04 21:11:32 - WARNING - API endpoint not found: /api/process-stats
2025-09-04 21:11:33 - INFO - Screenshot captured and sent
2025-09-04 21:11:42 - WARNING - API endpoint not found: /api/process-stats
2025-09-04 21:11:52 - WARNING - API endpoint not found: /api/process-stats
2025-09-04 21:12:02 - WARNING - API endpoint not found: /api/process-stats
2025-09-04 21:12:12 - WARNING - API endpoint not found: /api/process-stats
2025-09-04 21:12:22 - WARNING - API endpoint not found: /api/process-stats
2025-09-04 21:12:31 - WARNING - API endpoint not found: /api/clients/heartbeat
2025-09-04 21:12:33 - WARNING - API endpoint not found: /api/process-stats
2025-09-04 21:12:34 - INFO - Screenshot captured and sent
2025-09-04 21:12:43 - WARNING - API endpoint not found: /api/process-stats
2025-09-04 21:12:53 - WARNING - API endpoint not found: /api/process-stats
2025-09-04 21:13:03 - WARNING - API endpoint not found: /api/process-stats
2025-09-04 21:13:13 - WARNING - API endpoint not found: /api/process-stats
2025-09-04 21:13:23 - WARNING - API endpoint not found: /api/process-stats
2025-09-04 21:13:31 - WARNING - API endpoint not found: /api/clients/heartbeat
2025-09-04 21:13:33 - WARNING - API endpoint not found: /api/process-stats
2025-09-04 21:13:34 - INFO - Screenshot captured and sent
2025-09-04 21:13:44 - WARNING - API endpoint not found: /api/process-stats
2025-09-04 21:13:54 - WARNING - API endpoint not found: /api/process-stats
2025-09-04 21:14:04 - WARNING - API endpoint not found: /api/process-stats
2025-09-04 21:14:14 - WARNING - API endpoint not found: /api/process-stats
2025-09-04 21:14:24 - WARNING - API endpoint not found: /api/process-stats
2025-09-04 21:14:31 - WARNING - API endpoint not found: /api/clients/heartbeat
2025-09-04 21:14:34 - INFO - Screenshot captured and sent
2025-09-04 21:14:34 - WARNING - API endpoint not found: /api/process-stats
2025-09-04 21:14:44 - WARNING - API endpoint not found: /api/process-stats
2025-09-04 21:14:54 - WARNING - API endpoint not found: /api/process-stats
2025-09-04 21:15:04 - WARNING - API endpoint not found: /api/process-stats
2025-09-04 21:15:14 - WARNING - API endpoint not found: /api/process-stats
2025-09-04 21:15:25 - WARNING - API endpoint not found: /api/process-stats
2025-09-04 21:15:31 - WARNING - API endpoint not found: /api/clients/heartbeat
2025-09-04 21:15:34 - INFO - Screenshot captured and sent
2025-09-04 21:15:35 - WARNING - API endpoint not found: /api/process-stats
2025-09-04 21:15:45 - WARNING - API endpoint not found: /api/process-stats
2025-09-04 21:15:55 - WARNING - API endpoint not found: /api/process-stats
2025-09-04 21:16:05 - WARNING - API endpoint not found: /api/process-stats
2025-09-04 21:16:15 - WARNING - API endpoint not found: /api/process-stats
2025-09-04 21:16:25 - WARNING - API endpoint not found: /api/process-stats
2025-09-04 21:16:31 - WARNING - API endpoint not found: /api/clients/heartbeat
2025-09-04 21:16:35 - INFO - Screenshot captured and sent
2025-09-04 21:16:35 - WARNING - API endpoint not found: /api/process-stats
2025-09-04 21:16:45 - WARNING - API endpoint not found: /api/process-stats
2025-09-04 21:16:56 - WARNING - API endpoint not found: /api/process-stats
2025-09-04 21:17:06 - WARNING - API endpoint not found: /api/process-stats
2025-09-04 21:17:16 - WARNING - API endpoint not found: /api/process-stats
2025-09-04 21:17:26 - WARNING - API endpoint not found: /api/process-stats
2025-09-04 21:17:32 - WARNING - API endpoint not found: /api/clients/heartbeat
2025-09-04 21:17:35 - INFO - Screenshot captured and sent
2025-09-04 21:17:36 - WARNING - API endpoint not found: /api/process-stats
2025-09-04 21:17:46 - WARNING - API endpoint not found: /api/process-stats
2025-09-04 21:17:56 - WARNING - API endpoint not found: /api/process-stats
2025-09-04 21:18:06 - WARNING - API endpoint not found: /api/process-stats
2025-09-04 21:18:17 - WARNING - API endpoint not found: /api/process-stats
2025-09-04 21:18:27 - WARNING - API endpoint not found: /api/process-stats
2025-09-04 21:18:32 - WARNING - API endpoint not found: /api/clients/heartbeat
2025-09-04 21:18:35 - INFO - Screenshot captured and sent
2025-09-04 21:18:37 - WARNING - API endpoint not found: /api/process-stats
2025-09-04 21:18:47 - WARNING - API endpoint not found: /api/process-stats
2025-09-04 21:18:57 - WARNING - API endpoint not found: /api/process-stats
2025-09-04 21:19:07 - WARNING - API endpoint not found: /api/process-stats
2025-09-04 21:19:17 - WARNING - API endpoint not found: /api/process-stats
2025-09-04 21:19:27 - WARNING - API endpoint not found: /api/process-stats
2025-09-04 21:19:32 - WARNING - API endpoint not found: /api/clients/heartbeat
2025-09-04 21:19:35 - INFO - Screenshot captured and sent
2025-09-04 21:19:37 - WARNING - API endpoint not found: /api/process-stats
2025-09-04 21:19:48 - WARNING - API endpoint not found: /api/process-stats
2025-09-04 21:19:58 - WARNING - API endpoint not found: /api/process-stats
2025-09-04 21:20:08 - WARNING - API endpoint not found: /api/process-stats
2025-09-04 21:20:18 - WARNING - API endpoint not found: /api/process-stats
2025-09-04 21:20:28 - WARNING - API endpoint not found: /api/process-stats
2025-09-04 21:20:32 - WARNING - API endpoint not found: /api/clients/heartbeat
2025-09-04 21:20:36 - INFO - Screenshot captured and sent
2025-09-04 21:20:38 - WARNING - API endpoint not found: /api/process-stats
2025-09-04 21:20:48 - WARNING - API endpoint not found: /api/process-stats
2025-09-04 21:20:58 - WARNING - API endpoint not found: /api/process-stats
2025-09-04 21:21:09 - WARNING - API endpoint not found: /api/process-stats
2025-09-04 21:21:19 - WARNING - API endpoint not found: /api/process-stats
2025-09-04 21:21:29 - WARNING - API endpoint not found: /api/process-stats
2025-09-04 21:21:32 - WARNING - API endpoint not found: /api/clients/heartbeat
2025-09-04 21:21:36 - INFO - Screenshot captured and sent
2025-09-04 21:21:39 - WARNING - API endpoint not found: /api/process-stats
2025-09-04 21:21:49 - WARNING - API endpoint not found: /api/process-stats
2025-09-04 21:21:59 - WARNING - API endpoint not found: /api/process-stats
2025-09-04 21:22:09 - WARNING - API endpoint not found: /api/process-stats
2025-09-04 21:22:19 - WARNING - API endpoint not found: /api/process-stats
2025-09-04 21:22:30 - WARNING - API endpoint not found: /api/process-stats
2025-09-04 21:22:32 - WARNING - API endpoint not found: /api/clients/heartbeat
2025-09-04 21:22:36 - INFO - Screenshot captured and sent
2025-09-04 21:22:40 - WARNING - API endpoint not found: /api/process-stats
2025-09-04 21:22:50 - WARNING - API endpoint not found: /api/process-stats
2025-09-04 21:23:00 - WARNING - API endpoint not found: /api/process-stats
2025-09-04 21:23:10 - WARNING - API endpoint not found: /api/process-stats
2025-09-04 21:23:20 - WARNING - API endpoint not found: /api/process-stats
2025-09-04 21:23:30 - WARNING - API endpoint not found: /api/process-stats
2025-09-04 21:23:32 - WARNING - API endpoint not found: /api/clients/heartbeat
2025-09-04 21:23:36 - INFO - Screenshot captured and sent
2025-09-04 21:23:40 - WARNING - API endpoint not found: /api/process-stats
2025-09-04 21:23:51 - WARNING - API endpoint not found: /api/process-stats
2025-09-04 21:24:01 - WARNING - API endpoint not found: /api/process-stats
2025-09-04 21:24:11 - WARNING - API endpoint not found: /api/process-stats
2025-09-04 21:24:21 - WARNING - API endpoint not found: /api/process-stats
2025-09-04 21:24:31 - WARNING - API endpoint not found: /api/process-stats
2025-09-04 21:24:32 - WARNING - API endpoint not found: /api/clients/heartbeat
2025-09-04 21:24:37 - INFO - Screenshot captured and sent
2025-09-04 21:24:41 - WARNING - API endpoint not found: /api/process-stats
2025-09-04 21:24:51 - WARNING - API endpoint not found: /api/process-stats
2025-09-04 21:25:02 - WARNING - API endpoint not found: /api/process-stats
2025-09-04 21:25:12 - WARNING - API endpoint not found: /api/process-stats
2025-09-04 21:25:22 - WARNING - API endpoint not found: /api/process-stats
2025-09-04 21:25:32 - WARNING - API endpoint not found: /api/process-stats
2025-09-04 21:25:32 - WARNING - API endpoint not found: /api/clients/heartbeat
2025-09-04 21:25:37 - INFO - Screenshot captured and sent
2025-09-04 21:25:42 - WARNING - API endpoint not found: /api/process-stats
2025-09-04 21:25:52 - WARNING - API endpoint not found: /api/process-stats
2025-09-04 21:26:02 - WARNING - API endpoint not found: /api/process-stats
2025-09-04 21:26:12 - WARNING - API endpoint not found: /api/process-stats
2025-09-04 21:26:23 - WARNING - API endpoint not found: /api/process-stats
2025-09-04 21:26:32 - WARNING - API endpoint not found: /api/clients/heartbeat
2025-09-04 21:26:33 - WARNING - API endpoint not found: /api/process-stats
2025-09-04 21:26:37 - INFO - Screenshot captured and sent
2025-09-04 21:26:43 - WARNING - API endpoint not found: /api/process-stats
2025-09-04 21:26:53 - WARNING - API endpoint not found: /api/process-stats
2025-09-04 21:27:03 - WARNING - API endpoint not found: /api/process-stats
2025-09-04 21:27:13 - WARNING - API endpoint not found: /api/process-stats
2025-09-04 21:27:23 - WARNING - API endpoint not found: /api/process-stats
2025-09-04 21:27:32 - WARNING - API endpoint not found: /api/clients/heartbeat
2025-09-04 21:27:34 - WARNING - API endpoint not found: /api/process-stats
2025-09-04 21:27:37 - INFO - Screenshot captured and sent
2025-09-04 21:27:44 - WARNING - API endpoint not found: /api/process-stats
2025-09-04 21:27:54 - WARNING - API endpoint not found: /api/process-stats
2025-09-04 21:28:04 - WARNING - API endpoint not found: /api/process-stats
2025-09-04 21:28:14 - WARNING - API endpoint not found: /api/process-stats
2025-09-04 21:28:24 - WARNING - API endpoint not found: /api/process-stats
2025-09-04 21:28:32 - WARNING - API endpoint not found: /api/clients/heartbeat
2025-09-04 21:28:34 - WARNING - API endpoint not found: /api/process-stats
2025-09-04 21:28:37 - INFO - Screenshot captured and sent
2025-09-04 21:28:45 - WARNING - API endpoint not found: /api/process-stats
2025-09-04 21:28:55 - WARNING - API endpoint not found: /api/process-stats
2025-09-04 21:29:05 - WARNING - API endpoint not found: /api/process-stats
2025-09-04 21:29:15 - WARNING - API endpoint not found: /api/process-stats
2025-09-04 21:29:25 - WARNING - API endpoint not found: /api/process-stats
2025-09-04 21:29:33 - WARNING - API endpoint not found: /api/clients/heartbeat
2025-09-04 21:29:35 - WARNING - API endpoint not found: /api/process-stats
2025-09-04 21:29:38 - INFO - Screenshot captured and sent
2025-09-04 21:29:45 - WARNING - API endpoint not found: /api/process-stats
2025-09-04 21:29:55 - WARNING - API endpoint not found: /api/process-stats
2025-09-04 21:30:05 - WARNING - API endpoint not found: /api/process-stats
2025-09-04 21:30:16 - WARNING - API endpoint not found: /api/process-stats
2025-09-04 21:30:26 - WARNING - API endpoint not found: /api/process-stats
2025-09-04 21:30:33 - WARNING - API endpoint not found: /api/clients/heartbeat
2025-09-04 21:30:36 - WARNING - API endpoint not found: /api/process-stats
2025-09-04 21:30:38 - INFO - Screenshot captured and sent
2025-09-04 21:30:46 - WARNING - API endpoint not found: /api/process-stats
2025-09-04 21:30:56 - WARNING - API endpoint not found: /api/process-stats
2025-09-04 21:31:06 - WARNING - API endpoint not found: /api/process-stats
2025-09-04 21:31:16 - WARNING - API endpoint not found: /api/process-stats
2025-09-04 21:31:26 - WARNING - API endpoint not found: /api/process-stats
2025-09-04 21:31:33 - WARNING - API endpoint not found: /api/clients/heartbeat
2025-09-04 21:31:37 - WARNING - API endpoint not found: /api/process-stats
2025-09-04 21:31:38 - INFO - Screenshot captured and sent
2025-09-04 21:31:47 - WARNING - API endpoint not found: /api/process-stats
2025-09-04 21:31:57 - WARNING - API endpoint not found: /api/process-stats
2025-09-04 21:32:07 - WARNING - API endpoint not found: /api/process-stats
2025-09-04 21:32:17 - WARNING - API endpoint not found: /api/process-stats
2025-09-04 21:32:27 - WARNING - API endpoint not found: /api/process-stats
2025-09-04 21:32:33 - WARNING - API endpoint not found: /api/clients/heartbeat
2025-09-04 21:32:38 - INFO - Screenshot captured and sent
2025-09-04 21:32:40 - WARNING - API endpoint not found: /api/process-stats
2025-09-04 21:32:51 - WARNING - API endpoint not found: /api/process-stats
2025-09-04 21:33:01 - WARNING - API endpoint not found: /api/process-stats
2025-09-04 21:33:11 - WARNING - API endpoint not found: /api/process-stats
2025-09-04 21:33:21 - WARNING - API endpoint not found: /api/process-stats
2025-09-04 21:33:32 - WARNING - API endpoint not found: /api/process-stats
2025-09-04 21:33:33 - WARNING - API endpoint not found: /api/clients/heartbeat
2025-09-04 21:33:39 - INFO - Screenshot captured and sent
2025-09-04 21:33:42 - WARNING - API endpoint not found: /api/process-stats
2025-09-04 21:33:52 - WARNING - API endpoint not found: /api/process-stats
2025-09-04 21:34:02 - WARNING - API endpoint not found: /api/process-stats
2025-09-04 21:34:12 - WARNING - API endpoint not found: /api/process-stats
2025-09-04 21:37:38 - WARNING - API endpoint not found: /api/process-stats
2025-09-04 21:38:33 - WARNING - API endpoint not found: /api/process-stats
2025-09-04 21:38:33 - WARNING - API endpoint not found: /api/clients/heartbeat
2025-09-04 21:39:20 - INFO - Screenshot captured and sent
2025-09-04 21:39:24 - WARNING - API endpoint not found: /api/process-stats
2025-09-04 21:42:01 - WARNING - API endpoint not found: /api/process-stats
2025-09-04 21:45:53 - WARNING - API endpoint not found: /api/process-stats
2025-09-04 21:46:03 - WARNING - API endpoint not found: /api/process-stats
2025-09-04 22:03:01 - WARNING - API endpoint not found: /api/process-stats
2025-09-04 22:03:11 - WARNING - API endpoint not found: /api/clients/heartbeat
2025-09-04 22:03:11 - WARNING - API endpoint not found: /api/process-stats
2025-09-04 22:03:17 - INFO - Screenshot captured and sent
2025-09-04 22:03:22 - WARNING - API endpoint not found: /api/process-stats
2025-09-04 22:19:25 - WARNING - API endpoint not found: /api/process-stats
2025-09-04 22:53:48 - WARNING - API endpoint not found: /api/process-stats
2025-09-04 23:10:33 - WARNING - API endpoint not found: /api/process-stats
2025-09-04 23:10:44 - WARNING - API endpoint not found: /api/process-stats
2025-09-04 23:10:53 - WARNING - API endpoint not found: /api/clients/heartbeat
2025-09-04 23:10:54 - WARNING - API endpoint not found: /api/process-stats
2025-09-04 23:27:58 - INFO - Screenshot captured and sent
2025-09-04 23:33:23 - WARNING - API endpoint not found: /api/process-stats
2025-09-04 23:33:38 - WARNING - API endpoint not found: /api/process-stats
2025-09-04 23:33:49 - WARNING - API endpoint not found: /api/process-stats
2025-09-04 23:33:59 - WARNING - API endpoint not found: /api/process-stats
2025-09-04 23:34:09 - WARNING - API endpoint not found: /api/process-stats
2025-09-04 23:34:17 - WARNING - API endpoint not found: /api/clients/heartbeat
2025-09-04 23:34:19 - WARNING - API endpoint not found: /api/process-stats
2025-09-04 23:34:23 - INFO - Screenshot captured and sent
2025-09-04 23:34:29 - WARNING - API endpoint not found: /api/process-stats
2025-09-04 23:34:39 - WARNING - API endpoint not found: /api/process-stats
2025-09-04 23:34:49 - WARNING - API endpoint not found: /api/process-stats
2025-09-04 23:34:59 - WARNING - API endpoint not found: /api/process-stats
2025-09-04 23:35:09 - WARNING - API endpoint not found: /api/process-stats
2025-09-04 23:35:17 - WARNING - API endpoint not found: /api/clients/heartbeat
2025-09-04 23:35:19 - WARNING - API endpoint not found: /api/process-stats
2025-09-04 23:35:23 - INFO - Screenshot captured and sent
2025-09-04 23:35:30 - WARNING - API endpoint not found: /api/process-stats
2025-09-04 23:35:40 - WARNING - API endpoint not found: /api/process-stats
2025-09-04 23:35:50 - WARNING - API endpoint not found: /api/process-stats
2025-09-04 23:36:00 - WARNING - API endpoint not found: /api/process-stats
2025-09-04 23:36:10 - WARNING - API endpoint not found: /api/process-stats
2025-09-04 23:36:17 - WARNING - API endpoint not found: /api/clients/heartbeat
2025-09-04 23:36:20 - WARNING - API endpoint not found: /api/process-stats
2025-09-04 23:36:23 - INFO - Screenshot captured and sent
2025-09-04 23:36:30 - WARNING - API endpoint not found: /api/process-stats
2025-09-04 23:36:41 - WARNING - API endpoint not found: /api/process-stats
2025-09-04 23:36:51 - WARNING - API endpoint not found: /api/process-stats
2025-09-04 23:37:01 - WARNING - API endpoint not found: /api/process-stats
2025-09-04 23:37:11 - WARNING - API endpoint not found: /api/process-stats
2025-09-04 23:37:17 - WARNING - API endpoint not found: /api/clients/heartbeat
2025-09-04 23:37:21 - WARNING - API endpoint not found: /api/process-stats
2025-09-04 23:37:23 - INFO - Screenshot captured and sent
2025-09-04 23:37:31 - WARNING - API endpoint not found: /api/process-stats
2025-09-04 23:37:41 - WARNING - API endpoint not found: /api/process-stats
2025-09-04 23:37:51 - WARNING - API endpoint not found: /api/process-stats
2025-09-04 23:38:02 - WARNING - API endpoint not found: /api/process-stats
2025-09-04 23:38:12 - WARNING - API endpoint not found: /api/process-stats
2025-09-04 23:38:17 - WARNING - API endpoint not found: /api/clients/heartbeat
2025-09-04 23:38:22 - WARNING - API endpoint not found: /api/process-stats
2025-09-04 23:38:24 - INFO - Screenshot captured and sent
2025-09-04 23:38:32 - WARNING - API endpoint not found: /api/process-stats
2025-09-04 23:38:42 - WARNING - API endpoint not found: /api/process-stats
2025-09-04 23:38:52 - WARNING - API endpoint not found: /api/process-stats
2025-09-04 23:39:02 - WARNING - API endpoint not found: /api/process-stats
2025-09-04 23:39:13 - WARNING - API endpoint not found: /api/process-stats
2025-09-04 23:39:17 - WARNING - API endpoint not found: /api/clients/heartbeat
2025-09-04 23:39:23 - WARNING - API endpoint not found: /api/process-stats
2025-09-04 23:39:24 - INFO - Screenshot captured and sent
2025-09-04 23:39:33 - WARNING - API endpoint not found: /api/process-stats
2025-09-04 23:39:43 - WARNING - API endpoint not found: /api/process-stats
2025-09-04 23:39:53 - WARNING - API endpoint not found: /api/process-stats
2025-09-04 23:40:03 - WARNING - API endpoint not found: /api/process-stats
2025-09-04 23:40:13 - WARNING - API endpoint not found: /api/process-stats
2025-09-04 23:40:17 - WARNING - API endpoint not found: /api/clients/heartbeat
2025-09-04 23:40:23 - WARNING - API endpoint not found: /api/process-stats
2025-09-04 23:40:24 - INFO - Screenshot captured and sent
2025-09-04 23:40:33 - WARNING - API endpoint not found: /api/process-stats
2025-09-04 23:40:34 - INFO - Client registered successfully
2025-09-04 23:40:34 - INFO - Screenshot capture started
2025-09-04 23:40:34 - INFO - Browser monitoring started
2025-09-04 23:40:34 - INFO - Process monitoring started
2025-09-04 23:40:34 - INFO - Stream handler started - waiting for stream requests
2025-09-04 23:40:34 - INFO - Tenjo client started successfully
2025-09-04 23:40:35 - INFO - Screenshot 1 uploaded successfully
2025-09-04 23:40:35 - INFO - Screenshot capture cycle completed
2025-09-04 23:40:44 - WARNING - API endpoint not found: /api/process-stats
2025-09-04 23:40:54 - WARNING - API endpoint not found: /api/process-stats
2025-09-04 23:40:54 - INFO - Client stopped by user
2025-09-04 23:41:04 - WARNING - API endpoint not found: /api/process-stats
2025-09-04 23:41:14 - WARNING - API endpoint not found: /api/process-stats
2025-09-04 23:41:17 - WARNING - API endpoint not found: /api/clients/heartbeat
2025-09-04 23:41:24 - WARNING - API endpoint not found: /api/process-stats
2025-09-04 23:41:24 - INFO - Screenshot captured and sent
2025-09-04 23:41:34 - WARNING - API endpoint not found: /api/process-stats
2025-09-04 23:41:44 - WARNING - API endpoint not found: /api/process-stats
2025-09-04 23:41:54 - WARNING - API endpoint not found: /api/process-stats
2025-09-04 23:42:03 - INFO - Client registered successfully
2025-09-04 23:42:03 - INFO - Screenshot capture started
2025-09-04 23:42:03 - INFO - Browser monitoring started
2025-09-04 23:42:03 - INFO - Process monitoring started
2025-09-04 23:42:03 - INFO - Stream handler started - waiting for stream requests
2025-09-04 23:42:03 - INFO - Tenjo client started successfully
2025-09-04 23:42:03 - INFO - Screenshot 1 uploaded successfully
2025-09-04 23:42:03 - INFO - Screenshot capture cycle completed
2025-09-04 23:42:05 - WARNING - API endpoint not found: /api/process-stats
2025-09-04 23:42:15 - WARNING - API endpoint not found: /api/process-stats
2025-09-04 23:42:17 - WARNING - API endpoint not found: /api/clients/heartbeat
2025-09-04 23:42:24 - INFO - Screenshot captured and sent
2025-09-04 23:42:25 - WARNING - API endpoint not found: /api/process-stats
2025-09-04 23:42:28 - WARNING - API endpoint not found: /api/process-stats
2025-09-04 23:42:35 - WARNING - API endpoint not found: /api/process-stats
2025-09-04 23:42:38 - WARNING - API endpoint not found: /api/process-stats
2025-09-04 23:42:45 - WARNING - API endpoint not found: /api/process-stats
2025-09-04 23:42:48 - WARNING - API endpoint not found: /api/process-stats
2025-09-04 23:42:55 - WARNING - API endpoint not found: /api/process-stats
2025-09-04 23:42:58 - WARNING - API endpoint not found: /api/process-stats
2025-09-04 23:43:03 - INFO - Screenshot 1 uploaded successfully
2025-09-04 23:43:03 - INFO - Screenshot capture cycle completed
2025-09-04 23:43:05 - WARNING - API endpoint not found: /api/process-stats
2025-09-04 23:43:08 - WARNING - API endpoint not found: /api/process-stats
2025-09-04 23:43:15 - WARNING - API endpoint not found: /api/process-stats
2025-09-04 23:43:22 - INFO - Client registered successfully
2025-09-04 23:43:22 - INFO - Screenshot capture started
2025-09-04 23:43:22 - INFO - Browser monitoring started
2025-09-04 23:43:22 - INFO - Process monitoring started
2025-09-04 23:43:22 - INFO - Stream handler started - waiting for stream requests
2025-09-04 23:43:22 - INFO - Tenjo client started successfully
2025-09-04 23:43:22 - INFO - Screenshot 1 uploaded successfully
2025-09-04 23:43:22 - INFO - Screenshot capture cycle completed
2025-09-04 23:43:49 - WARNING - API endpoint not found: /api/process-stats
2025-09-04 23:43:59 - WARNING - API endpoint not found: /api/process-stats
2025-09-04 23:44:09 - WARNING - API endpoint not found: /api/process-stats
2025-09-04 23:44:19 - WARNING - API endpoint not found: /api/process-stats
2025-09-04 23:44:23 - INFO - Screenshot 1 uploaded successfully
2025-09-04 23:44:23 - INFO - Screenshot capture cycle completed
2025-09-04 23:44:29 - WARNING - API endpoint not found: /api/process-stats
2025-09-04 23:44:39 - WARNING - API endpoint not found: /api/process-stats
2025-09-04 23:44:49 - WARNING - API endpoint not found: /api/process-stats
2025-09-04 23:44:59 - WARNING - API endpoint not found: /api/process-stats
2025-09-04 23:45:10 - WARNING - API endpoint not found: /api/process-stats
2025-09-04 23:45:20 - WARNING - API endpoint not found: /api/process-stats
2025-09-04 23:45:23 - INFO - Screenshot 1 uploaded successfully
2025-09-04 23:45:23 - INFO - Screenshot capture cycle completed
2025-09-04 23:45:30 - WARNING - API endpoint not found: /api/process-stats
2025-09-04 23:45:40 - WARNING - API endpoint not found: /api/process-stats
2025-09-04 23:45:50 - WARNING - API endpoint not found: /api/process-stats
2025-09-04 23:46:00 - WARNING - API endpoint not found: /api/process-stats
2025-09-04 23:46:10 - WARNING - API endpoint not found: /api/process-stats
2025-09-04 23:46:21 - WARNING - API endpoint not found: /api/process-stats
2025-09-04 23:46:23 - INFO - Screenshot 1 uploaded successfully
2025-09-04 23:46:23 - INFO - Screenshot capture cycle completed
2025-09-04 23:46:31 - WARNING - API endpoint not found: /api/process-stats
2025-09-04 23:46:41 - WARNING - API endpoint not found: /api/process-stats
2025-09-04 23:46:51 - WARNING - API endpoint not found: /api/process-stats
2025-09-04 23:47:01 - WARNING - API endpoint not found: /api/process-stats
2025-09-04 23:47:11 - WARNING - API endpoint not found: /api/process-stats
2025-09-04 23:47:21 - WARNING - API endpoint not found: /api/process-stats
2025-09-04 23:47:23 - INFO - Screenshot 1 uploaded successfully
2025-09-04 23:47:23 - INFO - Screenshot capture cycle completed
2025-09-04 23:47:31 - WARNING - API endpoint not found: /api/process-stats
2025-09-04 23:47:42 - WARNING - API endpoint not found: /api/process-stats
2025-09-04 23:47:52 - WARNING - API endpoint not found: /api/process-stats
2025-09-04 23:48:02 - WARNING - API endpoint not found: /api/process-stats
2025-09-04 23:48:12 - WARNING - API endpoint not found: /api/process-stats
2025-09-04 23:48:22 - WARNING - API endpoint not found: /api/process-stats
2025-09-04 23:48:23 - INFO - Client registered successfully
2025-09-04 23:48:23 - INFO - Screenshot capture started
2025-09-04 23:48:23 - INFO - Browser monitoring started
2025-09-04 23:48:23 - INFO - Process monitoring started
2025-09-04 23:48:23 - INFO - Stream handler started - waiting for stream requests
2025-09-04 23:48:23 - INFO - Tenjo client started successfully
2025-09-04 23:48:23 - INFO - Screenshot 1 uploaded successfully
2025-09-04 23:48:23 - INFO - Screenshot capture cycle completed
2025-09-04 23:48:23 - INFO - Screenshot 1 uploaded successfully
2025-09-04 23:48:23 - INFO - Screenshot capture cycle completed
2025-09-04 23:48:32 - WARNING - API endpoint not found: /api/process-stats
2025-09-04 23:48:38 - INFO - Client stopped by user
2025-09-04 23:48:42 - WARNING - API endpoint not found: /api/process-stats
2025-09-04 23:48:52 - WARNING - API endpoint not found: /api/process-stats
2025-09-04 23:49:02 - WARNING - API endpoint not found: /api/process-stats
2025-09-04 23:49:13 - WARNING - API endpoint not found: /api/process-stats
2025-09-04 23:49:23 - WARNING - API endpoint not found: /api/process-stats
2025-09-04 23:49:24 - INFO - Screenshot 1 uploaded successfully
2025-09-04 23:49:24 - INFO - Screenshot capture cycle completed
2025-09-04 23:49:33 - WARNING - API endpoint not found: /api/process-stats
2025-09-04 23:49:43 - WARNING - API endpoint not found: /api/process-stats
2025-09-04 23:49:53 - WARNING - API endpoint not found: /api/process-stats
2025-09-04 23:50:03 - WARNING - API endpoint not found: /api/process-stats
2025-09-04 23:50:13 - WARNING - API endpoint not found: /api/process-stats
2025-09-04 23:50:23 - WARNING - API endpoint not found: /api/process-stats
2025-09-04 23:50:24 - INFO - Screenshot 1 uploaded successfully
2025-09-04 23:50:24 - INFO - Screenshot capture cycle completed
2025-09-04 23:50:36 - INFO - Client registered successfully
2025-09-04 23:50:36 - INFO - Screenshot capture started
2025-09-04 23:50:36 - INFO - Browser monitoring started
2025-09-04 23:50:36 - INFO - Process monitoring started
2025-09-04 23:50:36 - INFO - Stream handler started - waiting for stream requests
2025-09-04 23:50:36 - INFO - Tenjo client started successfully
2025-09-04 23:50:36 - INFO - Screenshot 1 uploaded successfully
2025-09-04 23:50:36 - INFO - Screenshot capture cycle completed
2025-09-04 23:51:02 - WARNING - API endpoint not found: /api/process-stats
2025-09-04 23:51:12 - WARNING - API endpoint not found: /api/process-stats
2025-09-04 23:51:15 - INFO - Starting stealth stream with quality: medium
2025-09-04 23:51:22 - WARNING - API endpoint not found: /api/process-stats
2025-09-04 23:51:32 - WARNING - API endpoint not found: /api/process-stats
2025-09-04 23:51:36 - INFO - Screenshot 1 uploaded successfully
2025-09-04 23:51:36 - INFO - Screenshot capture cycle completed
2025-09-04 23:51:42 - WARNING - API endpoint not found: /api/process-stats
2025-09-04 23:51:50 - INFO - Client registered successfully
2025-09-04 23:51:50 - INFO - Screenshot capture started
2025-09-04 23:51:50 - INFO - Browser monitoring started
2025-09-04 23:51:50 - INFO - Process monitoring started
2025-09-04 23:51:50 - INFO - Stream handler started - waiting for stream requests
2025-09-04 23:51:50 - INFO - Tenjo client started successfully
2025-09-04 23:51:50 - INFO - Starting stealth stream with quality: medium
2025-09-04 23:51:50 - INFO - Screenshot 1 uploaded successfully
2025-09-04 23:51:50 - INFO - Screenshot capture cycle completed
2025-09-04 23:51:52 - WARNING - API endpoint not found: /api/process-stats
2025-09-04 23:52:03 - WARNING - API endpoint not found: /api/process-stats
2025-09-04 23:52:13 - WARNING - API endpoint not found: /api/process-stats
2025-09-04 23:52:14 - WARNING - API endpoint not found: /api/process-stats
2025-09-04 23:52:23 - WARNING - API endpoint not found: /api/process-stats
2025-09-04 23:52:24 - WARNING - API endpoint not found: /api/process-stats
2025-09-04 23:52:33 - WARNING - API endpoint not found: /api/process-stats
2025-09-04 23:52:34 - WARNING - API endpoint not found: /api/process-stats
2025-09-04 23:52:36 - INFO - Screenshot 1 uploaded successfully
2025-09-04 23:52:36 - INFO - Screenshot capture cycle completed
2025-09-04 23:52:43 - WARNING - API endpoint not found: /api/process-stats
2025-09-04 23:52:44 - WARNING - API endpoint not found: /api/process-stats
2025-09-04 23:52:50 - INFO - Screenshot 1 uploaded successfully
2025-09-04 23:52:50 - INFO - Screenshot capture cycle completed
2025-09-04 23:52:53 - WARNING - API endpoint not found: /api/process-stats
2025-09-04 23:52:54 - WARNING - API endpoint not found: /api/process-stats
2025-09-04 23:53:03 - WARNING - API endpoint not found: /api/process-stats
2025-09-04 23:53:04 - WARNING - API endpoint not found: /api/process-stats
2025-09-04 23:53:13 - WARNING - API endpoint not found: /api/process-stats
2025-09-04 23:53:15 - WARNING - API endpoint not found: /api/process-stats
2025-09-04 23:53:23 - WARNING - API endpoint not found: /api/process-stats
2025-09-04 23:53:25 - WARNING - API endpoint not found: /api/process-stats
2025-09-04 23:53:33 - WARNING - API endpoint not found: /api/process-stats
2025-09-04 23:53:35 - WARNING - API endpoint not found: /api/process-stats
2025-09-04 23:53:36 - INFO - Screenshot 1 uploaded successfully
2025-09-04 23:53:36 - INFO - Screenshot capture cycle completed
2025-09-04 23:53:44 - WARNING - API endpoint not found: /api/process-stats
2025-09-04 23:53:45 - WARNING - API endpoint not found: /api/process-stats
2025-09-04 23:53:50 - INFO - Screenshot 1 uploaded successfully
2025-09-04 23:53:50 - INFO - Screenshot capture cycle completed
2025-09-04 23:53:54 - WARNING - API endpoint not found: /api/process-stats
2025-09-04 23:53:55 - WARNING - API endpoint not found: /api/process-stats
2025-09-04 23:54:04 - WARNING - API endpoint not found: /api/process-stats
2025-09-04 23:54:05 - WARNING - API endpoint not found: /api/process-stats
2025-09-04 23:54:14 - WARNING - API endpoint not found: /api/process-stats
2025-09-04 23:54:15 - WARNING - API endpoint not found: /api/process-stats
2025-09-04 23:54:24 - WARNING - API endpoint not found: /api/process-stats
2025-09-04 23:54:25 - WARNING - API endpoint not found: /api/process-stats
2025-09-04 23:54:34 - WARNING - API endpoint not found: /api/process-stats
2025-09-04 23:54:35 - WARNING - API endpoint not found: /api/process-stats
2025-09-04 23:54:37 - INFO - Screenshot 1 uploaded successfully
2025-09-04 23:54:37 - INFO - Screenshot capture cycle completed
2025-09-04 23:54:44 - WARNING - API endpoint not found: /api/process-stats
2025-09-04 23:54:45 - WARNING - API endpoint not found: /api/process-stats
2025-09-04 23:54:50 - INFO - Screenshot 1 uploaded successfully
2025-09-04 23:54:50 - INFO - Screenshot capture cycle completed
2025-09-04 23:54:54 - WARNING - API endpoint not found: /api/process-stats
2025-09-04 23:54:55 - WARNING - API endpoint not found: /api/process-stats
2025-09-04 23:58:50 - INFO - Client registered successfully
2025-09-04 23:58:50 - INFO - Screenshot capture started
2025-09-04 23:58:50 - INFO - Browser monitoring started
2025-09-04 23:58:50 - INFO - Process monitoring started
2025-09-04 23:58:50 - INFO - Stream handler started - waiting for stream requests
2025-09-04 23:58:50 - ERROR - Error checking stream requests: module 'core.config' has no attribute 'SERVER_URL'
2025-09-04 23:58:50 - INFO - Tenjo client started successfully
2025-09-04 23:58:50 - ERROR - Error capturing screenshot: module 'core.config' has no attribute 'CLIENT_ID'
2025-09-04 23:58:52 - ERROR - Error checking stream requests: module 'core.config' has no attribute 'SERVER_URL'
2025-09-04 23:58:54 - ERROR - Error checking stream requests: module 'core.config' has no attribute 'SERVER_URL'
2025-09-04 23:58:56 - ERROR - Error checking stream requests: module 'core.config' has no attribute 'SERVER_URL'
2025-09-04 23:58:58 - ERROR - Error checking stream requests: module 'core.config' has no attribute 'SERVER_URL'
2025-09-04 23:59:00 - ERROR - Error checking stream requests: module 'core.config' has no attribute 'SERVER_URL'
2025-09-04 23:59:02 - ERROR - Error checking stream requests: module 'core.config' has no attribute 'SERVER_URL'
2025-09-04 23:59:04 - ERROR - Error checking stream requests: module 'core.config' has no attribute 'SERVER_URL'
2025-09-04 23:59:06 - ERROR - Error checking stream requests: module 'core.config' has no attribute 'SERVER_URL'
2025-09-04 23:59:08 - ERROR - Error checking stream requests: module 'core.config' has no attribute 'SERVER_URL'
2025-09-04 23:59:10 - ERROR - Error checking stream requests: module 'core.config' has no attribute 'SERVER_URL'
2025-09-04 23:59:12 - INFO - Client stopped by user
