2025-09-05 00:01:08 - INFO - Client registered successfully
2025-09-05 00:01:08 - INFO - Screenshot capture started
2025-09-05 00:01:08 - INFO - Browser monitoring started
2025-09-05 00:01:08 - INFO - Process monitoring started
2025-09-05 00:01:08 - INFO - Stream handler started - waiting for stream requests
2025-09-05 00:01:08 - ERROR - Error checking stream requests: module 'core.config' has no attribute 'SERVER_URL'
2025-09-05 00:01:08 - INFO - Tenjo client started successfully
2025-09-05 00:01:09 - ERROR - Error capturing screenshot: module 'core.config' has no attribute 'CLIENT_ID'
2025-09-05 00:01:10 - ERROR - Error checking stream requests: module 'core.config' has no attribute 'SERVER_URL'
2025-09-05 00:01:12 - ERROR - Error checking stream requests: module 'core.config' has no attribute 'SERVER_URL'
2025-09-05 00:01:14 - ERROR - Error checking stream requests: module 'core.config' has no attribute 'SERVER_URL'
2025-09-05 00:01:16 - ERROR - Error checking stream requests: module 'core.config' has no attribute 'SERVER_URL'
2025-09-05 00:01:18 - ERROR - Error checking stream requests: module 'core.config' has no attribute 'SERVER_URL'
2025-09-05 00:01:20 - ERROR - Error checking stream requests: module 'core.config' has no attribute 'SERVER_URL'
2025-09-05 00:01:22 - ERROR - Error checking stream requests: module 'core.config' has no attribute 'SERVER_URL'
2025-09-05 00:01:24 - ERROR - Error checking stream requests: module 'core.config' has no attribute 'SERVER_URL'
2025-09-05 00:01:26 - ERROR - Error checking stream requests: module 'core.config' has no attribute 'SERVER_URL'
2025-09-05 00:01:28 - ERROR - Error checking stream requests: module 'core.config' has no attribute 'SERVER_URL'
2025-09-05 00:01:30 - ERROR - Error checking stream requests: module 'core.config' has no attribute 'SERVER_URL'
2025-09-05 00:01:32 - ERROR - Error checking stream requests: module 'core.config' has no attribute 'SERVER_URL'
2025-09-05 00:01:33 - WARNING - API endpoint not found: /api/process-stats
2025-09-05 00:01:34 - ERROR - Error checking stream requests: module 'core.config' has no attribute 'SERVER_URL'
2025-09-05 00:01:36 - ERROR - Error checking stream requests: module 'core.config' has no attribute 'SERVER_URL'
2025-09-05 00:01:38 - ERROR - Error checking stream requests: module 'core.config' has no attribute 'SERVER_URL'
2025-09-05 00:01:40 - ERROR - Error checking stream requests: module 'core.config' has no attribute 'SERVER_URL'
2025-09-05 00:01:42 - ERROR - Error checking stream requests: module 'core.config' has no attribute 'SERVER_URL'
2025-09-05 00:01:43 - WARNING - API endpoint not found: /api/process-stats
2025-09-05 00:01:44 - ERROR - Error checking stream requests: module 'core.config' has no attribute 'SERVER_URL'
2025-09-05 00:01:46 - ERROR - Error checking stream requests: module 'core.config' has no attribute 'SERVER_URL'
2025-09-05 00:01:48 - ERROR - Error checking stream requests: module 'core.config' has no attribute 'SERVER_URL'
2025-09-05 00:01:50 - ERROR - Error checking stream requests: module 'core.config' has no attribute 'SERVER_URL'
2025-09-05 00:01:52 - ERROR - Error checking stream requests: module 'core.config' has no attribute 'SERVER_URL'
2025-09-05 00:01:53 - WARNING - API endpoint not found: /api/process-stats
2025-09-05 00:01:54 - ERROR - Error checking stream requests: module 'core.config' has no attribute 'SERVER_URL'
2025-09-05 00:01:56 - ERROR - Error checking stream requests: module 'core.config' has no attribute 'SERVER_URL'
2025-09-05 00:01:58 - ERROR - Error checking stream requests: module 'core.config' has no attribute 'SERVER_URL'
2025-09-05 00:02:00 - ERROR - Error checking stream requests: module 'core.config' has no attribute 'SERVER_URL'
2025-09-05 00:02:02 - ERROR - Error checking stream requests: module 'core.config' has no attribute 'SERVER_URL'
2025-09-05 00:02:03 - WARNING - API endpoint not found: /api/process-stats
2025-09-05 00:02:04 - ERROR - Error checking stream requests: module 'core.config' has no attribute 'SERVER_URL'
2025-09-05 00:02:06 - ERROR - Error checking stream requests: module 'core.config' has no attribute 'SERVER_URL'
2025-09-05 00:02:08 - ERROR - Error checking stream requests: module 'core.config' has no attribute 'SERVER_URL'
2025-09-05 00:02:09 - ERROR - Error capturing screenshot: module 'core.config' has no attribute 'CLIENT_ID'
2025-09-05 00:02:10 - ERROR - Error checking stream requests: module 'core.config' has no attribute 'SERVER_URL'
2025-09-05 00:02:12 - ERROR - Error checking stream requests: module 'core.config' has no attribute 'SERVER_URL'
2025-09-05 00:02:13 - INFO - Client stopped by user
2025-09-05 00:03:09 - INFO - Client registered successfully
2025-09-05 00:03:09 - INFO - Screenshot capture started
2025-09-05 00:03:09 - INFO - Browser monitoring started
2025-09-05 00:03:09 - INFO - Process monitoring started
2025-09-05 00:03:09 - INFO - Stream handler started - waiting for stream requests
2025-09-05 00:03:09 - INFO - Tenjo client started successfully
2025-09-05 00:03:09 - ERROR - Error checking stream requests: module 'core.config' has no attribute 'SERVER_URL'
2025-09-05 00:03:10 - ERROR - Error capturing screenshot: module 'core.config' has no attribute 'CLIENT_ID'
2025-09-05 00:03:11 - ERROR - Error checking stream requests: module 'core.config' has no attribute 'SERVER_URL'
2025-09-05 00:03:13 - ERROR - Error checking stream requests: module 'core.config' has no attribute 'SERVER_URL'
2025-09-05 00:03:15 - ERROR - Error checking stream requests: module 'core.config' has no attribute 'SERVER_URL'
2025-09-05 00:03:17 - ERROR - Error checking stream requests: module 'core.config' has no attribute 'SERVER_URL'
2025-09-05 00:03:19 - ERROR - Error checking stream requests: module 'core.config' has no attribute 'SERVER_URL'
2025-09-05 00:03:21 - ERROR - Error checking stream requests: module 'core.config' has no attribute 'SERVER_URL'
2025-09-05 00:03:24 - ERROR - Error checking stream requests: module 'core.config' has no attribute 'SERVER_URL'
2025-09-05 00:03:26 - ERROR - Error checking stream requests: module 'core.config' has no attribute 'SERVER_URL'
2025-09-05 00:03:28 - ERROR - Error checking stream requests: module 'core.config' has no attribute 'SERVER_URL'
2025-09-05 00:03:30 - ERROR - Error checking stream requests: module 'core.config' has no attribute 'SERVER_URL'
2025-09-05 00:03:32 - ERROR - Error checking stream requests: module 'core.config' has no attribute 'SERVER_URL'
2025-09-05 00:03:34 - ERROR - Error checking stream requests: module 'core.config' has no attribute 'SERVER_URL'
2025-09-05 00:03:34 - WARNING - API endpoint not found: /api/process-stats
2025-09-05 00:03:36 - ERROR - Error checking stream requests: module 'core.config' has no attribute 'SERVER_URL'
2025-09-05 00:03:38 - ERROR - Error checking stream requests: module 'core.config' has no attribute 'SERVER_URL'
2025-09-05 00:03:40 - ERROR - Error checking stream requests: module 'core.config' has no attribute 'SERVER_URL'
2025-09-05 00:03:42 - ERROR - Error checking stream requests: module 'core.config' has no attribute 'SERVER_URL'
2025-09-05 00:03:44 - ERROR - Error checking stream requests: module 'core.config' has no attribute 'SERVER_URL'
2025-09-05 00:03:44 - WARNING - API endpoint not found: /api/process-stats
2025-09-05 00:03:46 - ERROR - Error checking stream requests: module 'core.config' has no attribute 'SERVER_URL'
2025-09-05 00:03:48 - ERROR - Error checking stream requests: module 'core.config' has no attribute 'SERVER_URL'
2025-09-05 00:03:50 - ERROR - Error checking stream requests: module 'core.config' has no attribute 'SERVER_URL'
2025-09-05 00:03:52 - ERROR - Error checking stream requests: module 'core.config' has no attribute 'SERVER_URL'
2025-09-05 00:03:54 - ERROR - Error checking stream requests: module 'core.config' has no attribute 'SERVER_URL'
2025-09-05 00:03:54 - WARNING - API endpoint not found: /api/process-stats
2025-09-05 00:03:56 - ERROR - Error checking stream requests: module 'core.config' has no attribute 'SERVER_URL'
2025-09-05 00:03:58 - ERROR - Error checking stream requests: module 'core.config' has no attribute 'SERVER_URL'
2025-09-05 00:04:00 - ERROR - Error checking stream requests: module 'core.config' has no attribute 'SERVER_URL'
2025-09-05 00:04:02 - ERROR - Error checking stream requests: module 'core.config' has no attribute 'SERVER_URL'
2025-09-05 00:04:04 - ERROR - Error checking stream requests: module 'core.config' has no attribute 'SERVER_URL'
2025-09-05 00:04:05 - WARNING - API endpoint not found: /api/process-stats
2025-09-05 00:04:06 - ERROR - Error checking stream requests: module 'core.config' has no attribute 'SERVER_URL'
2025-09-05 00:04:08 - ERROR - Error checking stream requests: module 'core.config' has no attribute 'SERVER_URL'
2025-09-05 00:04:10 - ERROR - Error checking stream requests: module 'core.config' has no attribute 'SERVER_URL'
2025-09-05 00:04:10 - ERROR - Error capturing screenshot: module 'core.config' has no attribute 'CLIENT_ID'
2025-09-05 00:04:12 - ERROR - Error checking stream requests: module 'core.config' has no attribute 'SERVER_URL'
2025-09-05 00:04:14 - ERROR - Error checking stream requests: module 'core.config' has no attribute 'SERVER_URL'
2025-09-05 00:04:15 - WARNING - API endpoint not found: /api/process-stats
2025-09-05 00:04:16 - ERROR - Error checking stream requests: module 'core.config' has no attribute 'SERVER_URL'
2025-09-05 00:04:18 - ERROR - Error checking stream requests: module 'core.config' has no attribute 'SERVER_URL'
2025-09-05 00:04:20 - ERROR - Error checking stream requests: module 'core.config' has no attribute 'SERVER_URL'
2025-09-05 00:04:22 - ERROR - Error checking stream requests: module 'core.config' has no attribute 'SERVER_URL'
2025-09-05 00:04:24 - ERROR - Error checking stream requests: module 'core.config' has no attribute 'SERVER_URL'
2025-09-05 00:04:25 - WARNING - API endpoint not found: /api/process-stats
2025-09-05 00:04:26 - ERROR - Error checking stream requests: module 'core.config' has no attribute 'SERVER_URL'
2025-09-05 00:04:28 - ERROR - Error checking stream requests: module 'core.config' has no attribute 'SERVER_URL'
2025-09-05 00:04:30 - ERROR - Error checking stream requests: module 'core.config' has no attribute 'SERVER_URL'
2025-09-05 00:04:32 - ERROR - Error checking stream requests: module 'core.config' has no attribute 'SERVER_URL'
2025-09-05 00:04:34 - ERROR - Error checking stream requests: module 'core.config' has no attribute 'SERVER_URL'
2025-09-05 00:04:35 - WARNING - API endpoint not found: /api/process-stats
2025-09-05 00:04:36 - ERROR - Error checking stream requests: module 'core.config' has no attribute 'SERVER_URL'
2025-09-05 00:04:38 - ERROR - Error checking stream requests: module 'core.config' has no attribute 'SERVER_URL'
2025-09-05 00:04:40 - ERROR - Error checking stream requests: module 'core.config' has no attribute 'SERVER_URL'
2025-09-05 00:04:42 - ERROR - Error checking stream requests: module 'core.config' has no attribute 'SERVER_URL'
2025-09-05 00:04:44 - ERROR - Error checking stream requests: module 'core.config' has no attribute 'SERVER_URL'
2025-09-05 00:04:45 - WARNING - API endpoint not found: /api/process-stats
2025-09-05 00:04:46 - ERROR - Error checking stream requests: module 'core.config' has no attribute 'SERVER_URL'
2025-09-05 00:04:48 - ERROR - Error checking stream requests: module 'core.config' has no attribute 'SERVER_URL'
2025-09-05 00:04:50 - ERROR - Error checking stream requests: module 'core.config' has no attribute 'SERVER_URL'
2025-09-05 00:04:52 - ERROR - Error checking stream requests: module 'core.config' has no attribute 'SERVER_URL'
2025-09-05 00:04:54 - ERROR - Error checking stream requests: module 'core.config' has no attribute 'SERVER_URL'
2025-09-05 00:04:55 - WARNING - API endpoint not found: /api/process-stats
2025-09-05 00:04:56 - ERROR - Error checking stream requests: module 'core.config' has no attribute 'SERVER_URL'
2025-09-05 00:04:58 - ERROR - Error checking stream requests: module 'core.config' has no attribute 'SERVER_URL'
2025-09-05 00:05:00 - ERROR - Error checking stream requests: module 'core.config' has no attribute 'SERVER_URL'
2025-09-05 00:05:02 - ERROR - Error checking stream requests: module 'core.config' has no attribute 'SERVER_URL'
2025-09-05 00:05:03 - INFO - Client registered successfully
2025-09-05 00:05:03 - INFO - Screenshot capture started
2025-09-05 00:05:03 - INFO - Browser monitoring started
2025-09-05 00:05:03 - INFO - Process monitoring started
2025-09-05 00:05:03 - INFO - Stream handler started - waiting for stream requests
2025-09-05 00:05:03 - INFO - Tenjo client started successfully
2025-09-05 00:05:03 - ERROR - Error checking stream requests: module 'core.config' has no attribute 'SERVER_URL'
2025-09-05 00:05:04 - ERROR - Error capturing screenshot: module 'core.config' has no attribute 'CLIENT_ID'
2025-09-05 00:05:04 - ERROR - Error checking stream requests: module 'core.config' has no attribute 'SERVER_URL'
2025-09-05 00:05:05 - WARNING - API endpoint not found: /api/process-stats
2025-09-05 00:05:05 - ERROR - Error checking stream requests: module 'core.config' has no attribute 'SERVER_URL'
2025-09-05 00:05:06 - ERROR - Error checking stream requests: module 'core.config' has no attribute 'SERVER_URL'
2025-09-05 00:05:07 - ERROR - Error checking stream requests: module 'core.config' has no attribute 'SERVER_URL'
2025-09-05 00:05:08 - ERROR - Error checking stream requests: module 'core.config' has no attribute 'SERVER_URL'
2025-09-05 00:05:09 - ERROR - Error checking stream requests: module 'core.config' has no attribute 'SERVER_URL'
2025-09-05 00:05:10 - ERROR - Error checking stream requests: module 'core.config' has no attribute 'SERVER_URL'
2025-09-05 00:05:10 - ERROR - Error capturing screenshot: module 'core.config' has no attribute 'CLIENT_ID'
2025-09-05 00:05:11 - ERROR - Error checking stream requests: module 'core.config' has no attribute 'SERVER_URL'
2025-09-05 00:05:12 - ERROR - Error checking stream requests: module 'core.config' has no attribute 'SERVER_URL'
2025-09-05 00:05:13 - ERROR - Error checking stream requests: module 'core.config' has no attribute 'SERVER_URL'
2025-09-05 00:05:14 - ERROR - Error checking stream requests: module 'core.config' has no attribute 'SERVER_URL'
2025-09-05 00:05:15 - WARNING - API endpoint not found: /api/process-stats
2025-09-05 00:05:15 - ERROR - Error checking stream requests: module 'core.config' has no attribute 'SERVER_URL'
2025-09-05 00:05:16 - ERROR - Error checking stream requests: module 'core.config' has no attribute 'SERVER_URL'
2025-09-05 00:05:17 - ERROR - Error checking stream requests: module 'core.config' has no attribute 'SERVER_URL'
2025-09-05 00:05:18 - ERROR - Error checking stream requests: module 'core.config' has no attribute 'SERVER_URL'
2025-09-05 00:05:19 - INFO - Client stopped by user
2025-09-05 00:05:20 - ERROR - Error checking stream requests: module 'core.config' has no attribute 'SERVER_URL'
2025-09-05 00:05:22 - ERROR - Error checking stream requests: module 'core.config' has no attribute 'SERVER_URL'
2025-09-05 00:05:24 - ERROR - Error checking stream requests: module 'core.config' has no attribute 'SERVER_URL'
2025-09-05 00:05:25 - WARNING - API endpoint not found: /api/process-stats
2025-09-05 00:05:26 - ERROR - Error checking stream requests: module 'core.config' has no attribute 'SERVER_URL'
2025-09-05 00:05:28 - ERROR - Error checking stream requests: module 'core.config' has no attribute 'SERVER_URL'
2025-09-05 00:05:30 - ERROR - Error checking stream requests: module 'core.config' has no attribute 'SERVER_URL'
2025-09-05 00:05:32 - ERROR - Error checking stream requests: module 'core.config' has no attribute 'SERVER_URL'
2025-09-05 00:05:34 - ERROR - Error checking stream requests: module 'core.config' has no attribute 'SERVER_URL'
2025-09-05 00:05:35 - WARNING - API endpoint not found: /api/process-stats
2025-09-05 00:05:36 - ERROR - Error checking stream requests: module 'core.config' has no attribute 'SERVER_URL'
2025-09-05 00:05:38 - ERROR - Error checking stream requests: module 'core.config' has no attribute 'SERVER_URL'
2025-09-05 00:05:40 - ERROR - Error checking stream requests: module 'core.config' has no attribute 'SERVER_URL'
2025-09-05 00:05:42 - ERROR - Error checking stream requests: module 'core.config' has no attribute 'SERVER_URL'
2025-09-05 00:05:44 - ERROR - Error checking stream requests: module 'core.config' has no attribute 'SERVER_URL'
2025-09-05 00:05:45 - WARNING - API endpoint not found: /api/process-stats
2025-09-05 00:05:46 - ERROR - Error checking stream requests: module 'core.config' has no attribute 'SERVER_URL'
2025-09-05 00:05:48 - ERROR - Error checking stream requests: module 'core.config' has no attribute 'SERVER_URL'
2025-09-05 00:05:50 - INFO - Client registered successfully
2025-09-05 00:05:50 - INFO - Screenshot capture started
2025-09-05 00:05:50 - INFO - Browser monitoring started
2025-09-05 00:05:50 - INFO - Process monitoring started
2025-09-05 00:05:50 - INFO - Stream handler started - waiting for stream requests
2025-09-05 00:05:50 - INFO - Tenjo client started successfully
2025-09-05 00:05:50 - ERROR - Error checking stream requests: module 'core.config' has no attribute 'SERVER_URL'
2025-09-05 00:05:50 - ERROR - Error capturing screenshot: module 'core.config' has no attribute 'CLIENT_ID'
2025-09-05 00:05:50 - ERROR - Error checking stream requests: module 'core.config' has no attribute 'SERVER_URL'
2025-09-05 00:05:52 - ERROR - Error checking stream requests: module 'core.config' has no attribute 'SERVER_URL'
2025-09-05 00:05:52 - ERROR - Error checking stream requests: module 'core.config' has no attribute 'SERVER_URL'
2025-09-05 00:05:54 - ERROR - Error checking stream requests: module 'core.config' has no attribute 'SERVER_URL'
2025-09-05 00:05:54 - ERROR - Error checking stream requests: module 'core.config' has no attribute 'SERVER_URL'
2025-09-05 00:05:55 - WARNING - API endpoint not found: /api/process-stats
2025-09-05 00:05:56 - ERROR - Error checking stream requests: module 'core.config' has no attribute 'SERVER_URL'
2025-09-05 00:05:56 - ERROR - Error checking stream requests: module 'core.config' has no attribute 'SERVER_URL'
2025-09-05 00:05:58 - ERROR - Error checking stream requests: module 'core.config' has no attribute 'SERVER_URL'
2025-09-05 00:05:58 - ERROR - Error checking stream requests: module 'core.config' has no attribute 'SERVER_URL'
2025-09-05 00:06:00 - ERROR - Error checking stream requests: module 'core.config' has no attribute 'SERVER_URL'
2025-09-05 00:06:00 - ERROR - Error checking stream requests: module 'core.config' has no attribute 'SERVER_URL'
2025-09-05 00:06:02 - ERROR - Error checking stream requests: module 'core.config' has no attribute 'SERVER_URL'
2025-09-05 00:06:02 - ERROR - Error checking stream requests: module 'core.config' has no attribute 'SERVER_URL'
2025-09-05 00:06:04 - ERROR - Error checking stream requests: module 'core.config' has no attribute 'SERVER_URL'
2025-09-05 00:06:04 - ERROR - Error checking stream requests: module 'core.config' has no attribute 'SERVER_URL'
2025-09-05 00:06:05 - WARNING - API endpoint not found: /api/process-stats
2025-09-05 00:06:06 - ERROR - Error checking stream requests: module 'core.config' has no attribute 'SERVER_URL'
2025-09-05 00:06:06 - ERROR - Error checking stream requests: module 'core.config' has no attribute 'SERVER_URL'
2025-09-05 00:06:08 - ERROR - Error checking stream requests: module 'core.config' has no attribute 'SERVER_URL'
2025-09-05 00:06:08 - ERROR - Error checking stream requests: module 'core.config' has no attribute 'SERVER_URL'
2025-09-05 00:06:10 - ERROR - Error checking stream requests: module 'core.config' has no attribute 'SERVER_URL'
2025-09-05 00:06:10 - ERROR - Error checking stream requests: module 'core.config' has no attribute 'SERVER_URL'
2025-09-05 00:06:10 - ERROR - Error capturing screenshot: module 'core.config' has no attribute 'CLIENT_ID'
2025-09-05 00:06:12 - ERROR - Error checking stream requests: module 'core.config' has no attribute 'SERVER_URL'
2025-09-05 00:06:12 - ERROR - Error checking stream requests: module 'core.config' has no attribute 'SERVER_URL'
2025-09-05 00:06:14 - ERROR - Error checking stream requests: module 'core.config' has no attribute 'SERVER_URL'
2025-09-05 00:06:14 - ERROR - Error checking stream requests: module 'core.config' has no attribute 'SERVER_URL'
2025-09-05 00:06:14 - INFO - Client stopped by user
2025-09-05 00:06:15 - WARNING - API endpoint not found: /api/process-stats
2025-09-05 00:06:16 - ERROR - Error checking stream requests: module 'core.config' has no attribute 'SERVER_URL'
2025-09-05 00:06:18 - ERROR - Error checking stream requests: module 'core.config' has no attribute 'SERVER_URL'
2025-09-05 00:06:20 - ERROR - Error checking stream requests: module 'core.config' has no attribute 'SERVER_URL'
2025-09-05 00:06:22 - ERROR - Error checking stream requests: module 'core.config' has no attribute 'SERVER_URL'
2025-09-05 00:06:24 - ERROR - Error checking stream requests: module 'core.config' has no attribute 'SERVER_URL'
2025-09-05 00:06:25 - WARNING - API endpoint not found: /api/process-stats
2025-09-05 00:06:26 - ERROR - Error checking stream requests: module 'core.config' has no attribute 'SERVER_URL'
2025-09-05 00:06:28 - ERROR - Error checking stream requests: module 'core.config' has no attribute 'SERVER_URL'
2025-09-05 00:06:30 - ERROR - Error checking stream requests: module 'core.config' has no attribute 'SERVER_URL'
2025-09-05 00:06:32 - ERROR - Error checking stream requests: module 'core.config' has no attribute 'SERVER_URL'
2025-09-05 00:06:34 - ERROR - Error checking stream requests: module 'core.config' has no attribute 'SERVER_URL'
2025-09-05 00:06:35 - WARNING - API endpoint not found: /api/process-stats
2025-09-05 00:06:36 - ERROR - Error checking stream requests: module 'core.config' has no attribute 'SERVER_URL'
2025-09-05 00:06:38 - ERROR - Error checking stream requests: module 'core.config' has no attribute 'SERVER_URL'
2025-09-05 00:06:40 - ERROR - Error checking stream requests: module 'core.config' has no attribute 'SERVER_URL'
2025-09-05 00:06:42 - ERROR - Error checking stream requests: module 'core.config' has no attribute 'SERVER_URL'
2025-09-05 00:06:44 - ERROR - Error checking stream requests: module 'core.config' has no attribute 'SERVER_URL'
2025-09-05 00:06:45 - WARNING - API endpoint not found: /api/process-stats
2025-09-05 00:06:46 - ERROR - Error checking stream requests: module 'core.config' has no attribute 'SERVER_URL'
2025-09-05 00:06:48 - ERROR - Error checking stream requests: module 'core.config' has no attribute 'SERVER_URL'
2025-09-05 00:06:50 - ERROR - Error checking stream requests: module 'core.config' has no attribute 'SERVER_URL'
2025-09-05 00:06:52 - ERROR - Error checking stream requests: module 'core.config' has no attribute 'SERVER_URL'
2025-09-05 00:06:54 - ERROR - Error checking stream requests: module 'core.config' has no attribute 'SERVER_URL'
2025-09-05 00:06:55 - WARNING - API endpoint not found: /api/process-stats
2025-09-05 00:06:56 - ERROR - Error checking stream requests: module 'core.config' has no attribute 'SERVER_URL'
2025-09-05 00:06:58 - ERROR - Error checking stream requests: module 'core.config' has no attribute 'SERVER_URL'
2025-09-05 00:07:00 - ERROR - Error checking stream requests: module 'core.config' has no attribute 'SERVER_URL'
2025-09-05 00:07:02 - ERROR - Error checking stream requests: module 'core.config' has no attribute 'SERVER_URL'
2025-09-05 00:07:04 - ERROR - Error checking stream requests: module 'core.config' has no attribute 'SERVER_URL'
2025-09-05 00:07:05 - WARNING - API endpoint not found: /api/process-stats
2025-09-05 00:07:06 - ERROR - Error checking stream requests: module 'core.config' has no attribute 'SERVER_URL'
2025-09-05 00:07:08 - ERROR - Error checking stream requests: module 'core.config' has no attribute 'SERVER_URL'
2025-09-05 00:07:10 - ERROR - Error checking stream requests: module 'core.config' has no attribute 'SERVER_URL'
2025-09-05 00:07:10 - ERROR - Error capturing screenshot: module 'core.config' has no attribute 'CLIENT_ID'
2025-09-05 00:07:12 - ERROR - Error checking stream requests: module 'core.config' has no attribute 'SERVER_URL'
2025-09-05 00:07:14 - ERROR - Error checking stream requests: module 'core.config' has no attribute 'SERVER_URL'
2025-09-05 00:07:15 - WARNING - API endpoint not found: /api/process-stats
2025-09-05 00:07:16 - ERROR - Error checking stream requests: module 'core.config' has no attribute 'SERVER_URL'
2025-09-05 00:07:18 - ERROR - Error checking stream requests: module 'core.config' has no attribute 'SERVER_URL'
2025-09-05 00:07:20 - ERROR - Error checking stream requests: module 'core.config' has no attribute 'SERVER_URL'
2025-09-05 00:07:22 - ERROR - Error checking stream requests: module 'core.config' has no attribute 'SERVER_URL'
2025-09-05 00:07:24 - ERROR - Error checking stream requests: module 'core.config' has no attribute 'SERVER_URL'
2025-09-05 00:07:26 - WARNING - API endpoint not found: /api/process-stats
2025-09-05 00:07:26 - ERROR - Error checking stream requests: module 'core.config' has no attribute 'SERVER_URL'
2025-09-05 00:07:28 - ERROR - Error checking stream requests: module 'core.config' has no attribute 'SERVER_URL'
2025-09-05 00:07:30 - ERROR - Error checking stream requests: module 'core.config' has no attribute 'SERVER_URL'
2025-09-05 00:07:32 - ERROR - Error checking stream requests: module 'core.config' has no attribute 'SERVER_URL'
2025-09-05 00:07:34 - ERROR - Error checking stream requests: module 'core.config' has no attribute 'SERVER_URL'
2025-09-05 00:07:36 - WARNING - API endpoint not found: /api/process-stats
2025-09-05 00:07:36 - ERROR - Error checking stream requests: module 'core.config' has no attribute 'SERVER_URL'
2025-09-05 00:07:38 - ERROR - Error checking stream requests: module 'core.config' has no attribute 'SERVER_URL'
2025-09-05 00:07:40 - ERROR - Error checking stream requests: module 'core.config' has no attribute 'SERVER_URL'
2025-09-05 00:07:42 - ERROR - Error checking stream requests: module 'core.config' has no attribute 'SERVER_URL'
2025-09-05 00:07:44 - ERROR - Error checking stream requests: module 'core.config' has no attribute 'SERVER_URL'
2025-09-05 00:07:46 - WARNING - API endpoint not found: /api/process-stats
2025-09-05 00:07:46 - ERROR - Error checking stream requests: module 'core.config' has no attribute 'SERVER_URL'
2025-09-05 00:07:48 - ERROR - Error checking stream requests: module 'core.config' has no attribute 'SERVER_URL'
2025-09-05 00:07:50 - ERROR - Error checking stream requests: module 'core.config' has no attribute 'SERVER_URL'
2025-09-05 00:07:52 - ERROR - Error checking stream requests: module 'core.config' has no attribute 'SERVER_URL'
2025-09-05 00:07:54 - ERROR - Error checking stream requests: module 'core.config' has no attribute 'SERVER_URL'
2025-09-05 00:07:56 - WARNING - API endpoint not found: /api/process-stats
2025-09-05 00:07:56 - ERROR - Error checking stream requests: module 'core.config' has no attribute 'SERVER_URL'
2025-09-05 00:07:58 - ERROR - Error checking stream requests: module 'core.config' has no attribute 'SERVER_URL'
2025-09-05 00:08:00 - ERROR - Error checking stream requests: module 'core.config' has no attribute 'SERVER_URL'
2025-09-05 00:08:02 - ERROR - Error checking stream requests: module 'core.config' has no attribute 'SERVER_URL'
2025-09-05 00:08:04 - ERROR - Error checking stream requests: module 'core.config' has no attribute 'SERVER_URL'
2025-09-05 00:08:06 - WARNING - API endpoint not found: /api/process-stats
2025-09-05 00:08:06 - ERROR - Error checking stream requests: module 'core.config' has no attribute 'SERVER_URL'
2025-09-05 00:08:08 - ERROR - Error checking stream requests: module 'core.config' has no attribute 'SERVER_URL'
2025-09-05 00:08:10 - ERROR - Error checking stream requests: module 'core.config' has no attribute 'SERVER_URL'
2025-09-05 00:08:10 - ERROR - Error capturing screenshot: module 'core.config' has no attribute 'CLIENT_ID'
2025-09-05 00:08:12 - ERROR - Error checking stream requests: module 'core.config' has no attribute 'SERVER_URL'
2025-09-05 00:08:14 - ERROR - Error checking stream requests: module 'core.config' has no attribute 'SERVER_URL'
2025-09-05 00:08:16 - WARNING - API endpoint not found: /api/process-stats
2025-09-05 00:08:16 - ERROR - Error checking stream requests: module 'core.config' has no attribute 'SERVER_URL'
2025-09-05 00:08:18 - ERROR - Error checking stream requests: module 'core.config' has no attribute 'SERVER_URL'
2025-09-05 00:08:20 - ERROR - Error checking stream requests: module 'core.config' has no attribute 'SERVER_URL'
2025-09-05 00:08:22 - ERROR - Error checking stream requests: module 'core.config' has no attribute 'SERVER_URL'
2025-09-05 00:08:24 - ERROR - Error checking stream requests: module 'core.config' has no attribute 'SERVER_URL'
2025-09-05 00:08:26 - WARNING - API endpoint not found: /api/process-stats
2025-09-05 00:08:26 - ERROR - Error checking stream requests: module 'core.config' has no attribute 'SERVER_URL'
2025-09-05 00:08:28 - ERROR - Error checking stream requests: module 'core.config' has no attribute 'SERVER_URL'
2025-09-05 00:08:30 - ERROR - Error checking stream requests: module 'core.config' has no attribute 'SERVER_URL'
2025-09-05 00:08:32 - ERROR - Error checking stream requests: module 'core.config' has no attribute 'SERVER_URL'
2025-09-05 00:08:34 - ERROR - Error checking stream requests: module 'core.config' has no attribute 'SERVER_URL'
2025-09-05 00:08:36 - WARNING - API endpoint not found: /api/process-stats
2025-09-05 00:08:36 - ERROR - Error checking stream requests: module 'core.config' has no attribute 'SERVER_URL'
2025-09-05 00:08:38 - ERROR - Error checking stream requests: module 'core.config' has no attribute 'SERVER_URL'
2025-09-05 00:08:40 - ERROR - Error checking stream requests: module 'core.config' has no attribute 'SERVER_URL'
2025-09-05 00:08:42 - ERROR - Error checking stream requests: module 'core.config' has no attribute 'SERVER_URL'
2025-09-05 00:08:44 - ERROR - Error checking stream requests: module 'core.config' has no attribute 'SERVER_URL'
2025-09-05 00:08:46 - WARNING - API endpoint not found: /api/process-stats
2025-09-05 00:08:46 - ERROR - Error checking stream requests: module 'core.config' has no attribute 'SERVER_URL'
2025-09-05 00:08:48 - ERROR - Error checking stream requests: module 'core.config' has no attribute 'SERVER_URL'
2025-09-05 00:08:50 - ERROR - Error checking stream requests: module 'core.config' has no attribute 'SERVER_URL'
2025-09-05 00:08:52 - ERROR - Error checking stream requests: module 'core.config' has no attribute 'SERVER_URL'
2025-09-05 00:08:54 - ERROR - Error checking stream requests: module 'core.config' has no attribute 'SERVER_URL'
2025-09-05 00:08:56 - WARNING - API endpoint not found: /api/process-stats
2025-09-05 00:08:56 - ERROR - Error checking stream requests: module 'core.config' has no attribute 'SERVER_URL'
2025-09-05 00:08:58 - ERROR - Error checking stream requests: module 'core.config' has no attribute 'SERVER_URL'
2025-09-05 00:09:00 - ERROR - Error checking stream requests: module 'core.config' has no attribute 'SERVER_URL'
2025-09-05 00:09:02 - ERROR - Error checking stream requests: module 'core.config' has no attribute 'SERVER_URL'
2025-09-05 00:09:04 - ERROR - Error checking stream requests: module 'core.config' has no attribute 'SERVER_URL'
2025-09-05 00:09:06 - WARNING - API endpoint not found: /api/process-stats
2025-09-05 00:09:06 - ERROR - Error checking stream requests: module 'core.config' has no attribute 'SERVER_URL'
2025-09-05 00:09:08 - ERROR - Error checking stream requests: module 'core.config' has no attribute 'SERVER_URL'
2025-09-05 00:09:10 - ERROR - Error capturing screenshot: module 'core.config' has no attribute 'CLIENT_ID'
2025-09-05 00:09:10 - ERROR - Error checking stream requests: module 'core.config' has no attribute 'SERVER_URL'
2025-09-05 00:09:12 - ERROR - Error checking stream requests: module 'core.config' has no attribute 'SERVER_URL'
2025-09-05 00:09:14 - ERROR - Error checking stream requests: module 'core.config' has no attribute 'SERVER_URL'
2025-09-05 00:09:16 - WARNING - API endpoint not found: /api/process-stats
2025-09-05 00:09:16 - ERROR - Error checking stream requests: module 'core.config' has no attribute 'SERVER_URL'
2025-09-05 00:09:18 - ERROR - Error checking stream requests: module 'core.config' has no attribute 'SERVER_URL'
2025-09-05 00:09:20 - ERROR - Error checking stream requests: module 'core.config' has no attribute 'SERVER_URL'
2025-09-05 00:09:22 - ERROR - Error checking stream requests: module 'core.config' has no attribute 'SERVER_URL'
2025-09-05 00:09:24 - ERROR - Error checking stream requests: module 'core.config' has no attribute 'SERVER_URL'
2025-09-05 00:09:26 - WARNING - API endpoint not found: /api/process-stats
2025-09-05 00:09:26 - ERROR - Error checking stream requests: module 'core.config' has no attribute 'SERVER_URL'
2025-09-05 00:09:28 - ERROR - Error checking stream requests: module 'core.config' has no attribute 'SERVER_URL'
2025-09-05 00:09:30 - ERROR - Error checking stream requests: module 'core.config' has no attribute 'SERVER_URL'
2025-09-05 00:09:32 - ERROR - Error checking stream requests: module 'core.config' has no attribute 'SERVER_URL'
2025-09-05 00:09:34 - ERROR - Error checking stream requests: module 'core.config' has no attribute 'SERVER_URL'
2025-09-05 00:09:36 - WARNING - API endpoint not found: /api/process-stats
2025-09-05 00:09:36 - ERROR - Error checking stream requests: module 'core.config' has no attribute 'SERVER_URL'
2025-09-05 00:09:38 - ERROR - Error checking stream requests: module 'core.config' has no attribute 'SERVER_URL'
2025-09-05 00:09:40 - ERROR - Error checking stream requests: module 'core.config' has no attribute 'SERVER_URL'
2025-09-05 00:09:42 - ERROR - Error checking stream requests: module 'core.config' has no attribute 'SERVER_URL'
2025-09-05 00:09:44 - ERROR - Error checking stream requests: module 'core.config' has no attribute 'SERVER_URL'
2025-09-05 00:09:46 - WARNING - API endpoint not found: /api/process-stats
2025-09-05 00:09:46 - ERROR - Error checking stream requests: module 'core.config' has no attribute 'SERVER_URL'
2025-09-05 00:09:48 - ERROR - Error checking stream requests: module 'core.config' has no attribute 'SERVER_URL'
2025-09-05 00:09:50 - ERROR - Error checking stream requests: module 'core.config' has no attribute 'SERVER_URL'
2025-09-05 00:09:52 - ERROR - Error checking stream requests: module 'core.config' has no attribute 'SERVER_URL'
2025-09-05 00:09:54 - ERROR - Error checking stream requests: module 'core.config' has no attribute 'SERVER_URL'
2025-09-05 00:10:17 - INFO - Client registered successfully
2025-09-05 00:10:17 - INFO - Screenshot capture started
2025-09-05 00:10:17 - INFO - Browser monitoring started
2025-09-05 00:10:17 - INFO - Process monitoring started
2025-09-05 00:10:17 - INFO - Stream handler started - waiting for stream requests
2025-09-05 00:10:17 - ERROR - Error checking stream requests: module 'core.config' has no attribute 'SERVER_URL'
2025-09-05 00:10:17 - INFO - Tenjo client started successfully
2025-09-05 00:10:17 - ERROR - Error capturing screenshot: module 'core.config' has no attribute 'CLIENT_ID'
2025-09-05 00:10:19 - ERROR - Error checking stream requests: module 'core.config' has no attribute 'SERVER_URL'
2025-09-05 00:10:21 - ERROR - Error checking stream requests: module 'core.config' has no attribute 'SERVER_URL'
2025-09-05 00:10:23 - ERROR - Error checking stream requests: module 'core.config' has no attribute 'SERVER_URL'
2025-09-05 00:10:25 - ERROR - Error checking stream requests: module 'core.config' has no attribute 'SERVER_URL'
2025-09-05 00:10:27 - ERROR - Error checking stream requests: module 'core.config' has no attribute 'SERVER_URL'
2025-09-05 00:10:29 - ERROR - Error checking stream requests: module 'core.config' has no attribute 'SERVER_URL'
2025-09-05 00:10:31 - ERROR - Error checking stream requests: module 'core.config' has no attribute 'SERVER_URL'
2025-09-05 00:10:32 - INFO - Client stopped by user
2025-09-05 00:14:17 - INFO - Client registered successfully
2025-09-05 00:14:17 - INFO - Screenshot capture started
2025-09-05 00:14:17 - INFO - Browser monitoring started
2025-09-05 00:14:17 - INFO - Process monitoring started
2025-09-05 00:14:17 - INFO - Stream handler started - waiting for stream requests
2025-09-05 00:14:17 - INFO - Tenjo client started successfully
2025-09-05 00:14:17 - INFO - Starting stealth stream with quality: medium
2025-09-05 00:14:17 - INFO - Screenshot 1 uploaded successfully
2025-09-05 00:14:17 - INFO - Screenshot capture cycle completed
2025-09-05 00:14:30 - INFO - Client stopped by user
2025-09-05 00:15:30 - INFO - Client registered successfully
2025-09-05 00:15:30 - INFO - Screenshot capture started
2025-09-05 00:15:30 - INFO - Browser monitoring started
2025-09-05 00:15:30 - INFO - Process monitoring started
2025-09-05 00:15:30 - INFO - Stream handler started - waiting for stream requests
2025-09-05 00:15:30 - INFO - Tenjo client started successfully
2025-09-05 00:15:30 - INFO - Starting stealth stream with quality: medium
2025-09-05 00:15:31 - INFO - Screenshot 1 uploaded successfully
2025-09-05 00:15:31 - INFO - Screenshot capture cycle completed
2025-09-05 00:15:55 - WARNING - API endpoint not found: /api/process-stats
2025-09-05 00:16:05 - WARNING - API endpoint not found: /api/process-stats
2025-09-05 00:16:15 - WARNING - API endpoint not found: /api/process-stats
2025-09-05 00:16:25 - WARNING - API endpoint not found: /api/process-stats
2025-09-05 00:16:31 - INFO - Screenshot 1 uploaded successfully
2025-09-05 00:16:31 - INFO - Screenshot capture cycle completed
2025-09-05 00:16:36 - WARNING - API endpoint not found: /api/process-stats
2025-09-05 00:16:46 - WARNING - API endpoint not found: /api/process-stats
2025-09-05 00:16:56 - WARNING - API endpoint not found: /api/process-stats
2025-09-05 00:17:06 - WARNING - API endpoint not found: /api/process-stats
2025-09-05 00:17:16 - WARNING - API endpoint not found: /api/process-stats
2025-09-05 00:17:26 - WARNING - API endpoint not found: /api/process-stats
2025-09-05 00:17:31 - INFO - Screenshot 1 uploaded successfully
2025-09-05 00:17:31 - INFO - Screenshot capture cycle completed
2025-09-05 00:17:36 - WARNING - API endpoint not found: /api/process-stats
2025-09-05 00:17:47 - WARNING - API endpoint not found: /api/process-stats
2025-09-05 00:17:57 - WARNING - API endpoint not found: /api/process-stats
2025-09-05 00:18:07 - WARNING - API endpoint not found: /api/process-stats
2025-09-05 00:18:17 - WARNING - API endpoint not found: /api/process-stats
2025-09-05 00:18:27 - WARNING - API endpoint not found: /api/process-stats
2025-09-05 00:18:31 - INFO - Screenshot 1 uploaded successfully
2025-09-05 00:18:31 - INFO - Screenshot capture cycle completed
2025-09-05 00:18:37 - WARNING - API endpoint not found: /api/process-stats
2025-09-05 00:18:47 - WARNING - API endpoint not found: /api/process-stats
2025-09-05 00:18:57 - WARNING - API endpoint not found: /api/process-stats
2025-09-05 00:19:07 - WARNING - API endpoint not found: /api/process-stats
2025-09-05 00:19:17 - WARNING - API endpoint not found: /api/process-stats
2025-09-05 00:19:27 - WARNING - API endpoint not found: /api/process-stats
2025-09-05 00:19:31 - INFO - Screenshot 1 uploaded successfully
2025-09-05 00:19:31 - INFO - Screenshot capture cycle completed
2025-09-05 00:19:37 - WARNING - API endpoint not found: /api/process-stats
2025-09-05 00:19:56 - ERROR - Error checking stream requests: HTTPConnectionPool(host='127.0.0.1', port=8001): Read timed out. (read timeout=10)
2025-09-05 00:20:08 - ERROR - Error checking stream requests: HTTPConnectionPool(host='127.0.0.1', port=8001): Read timed out. (read timeout=10)
2025-09-05 00:20:16 - WARNING - API endpoint not found: /api/process-stats
2025-09-05 00:20:27 - WARNING - API endpoint not found: /api/process-stats
2025-09-05 00:20:31 - INFO - Screenshot 1 uploaded successfully
2025-09-05 00:20:31 - INFO - Screenshot capture cycle completed
2025-09-05 00:20:37 - WARNING - API endpoint not found: /api/process-stats
2025-09-05 00:20:47 - WARNING - API endpoint not found: /api/process-stats
2025-09-05 00:20:57 - WARNING - API endpoint not found: /api/process-stats
2025-09-05 00:21:07 - WARNING - API endpoint not found: /api/process-stats
2025-09-05 00:21:17 - WARNING - API endpoint not found: /api/process-stats
2025-09-05 00:21:27 - WARNING - API endpoint not found: /api/process-stats
2025-09-05 00:21:31 - INFO - Screenshot 1 uploaded successfully
2025-09-05 00:21:31 - INFO - Screenshot capture cycle completed
2025-09-05 00:21:37 - WARNING - API endpoint not found: /api/process-stats
2025-09-05 00:21:47 - WARNING - API endpoint not found: /api/process-stats
2025-09-05 00:21:57 - WARNING - API endpoint not found: /api/process-stats
2025-09-05 00:22:07 - WARNING - API endpoint not found: /api/process-stats
2025-09-05 00:22:17 - WARNING - API endpoint not found: /api/process-stats
2025-09-05 00:22:27 - WARNING - API endpoint not found: /api/process-stats
2025-09-05 00:22:32 - INFO - Screenshot 1 uploaded successfully
2025-09-05 00:22:32 - INFO - Screenshot capture cycle completed
2025-09-05 00:22:37 - WARNING - API endpoint not found: /api/process-stats
2025-09-05 00:22:47 - WARNING - API endpoint not found: /api/process-stats
2025-09-05 00:22:57 - WARNING - API endpoint not found: /api/process-stats
2025-09-05 00:23:07 - WARNING - API endpoint not found: /api/process-stats
2025-09-05 00:23:17 - WARNING - API endpoint not found: /api/process-stats
2025-09-05 00:23:35 - ERROR - Error checking stream requests: HTTPConnectionPool(host='127.0.0.1', port=8001): Read timed out. (read timeout=10)
2025-09-05 00:23:47 - ERROR - Error checking stream requests: HTTPConnectionPool(host='127.0.0.1', port=8001): Read timed out. (read timeout=10)
2025-09-05 00:23:55 - WARNING - API endpoint not found: /api/process-stats
2025-09-05 00:23:55 - INFO - Screenshot 1 uploaded successfully
2025-09-05 00:23:55 - INFO - Screenshot capture cycle completed
2025-09-05 00:24:05 - WARNING - API endpoint not found: /api/process-stats
2025-09-05 00:24:15 - WARNING - API endpoint not found: /api/process-stats
2025-09-05 00:24:33 - ERROR - Error checking stream requests: HTTPConnectionPool(host='127.0.0.1', port=8001): Read timed out. (read timeout=10)
2025-09-05 00:24:45 - ERROR - Error checking stream requests: HTTPConnectionPool(host='127.0.0.1', port=8001): Read timed out. (read timeout=10)
2025-09-05 00:24:52 - WARNING - API endpoint not found: /api/process-stats
2025-09-05 00:24:55 - INFO - Screenshot 1 uploaded successfully
2025-09-05 00:24:55 - INFO - Screenshot capture cycle completed
2025-09-05 00:25:03 - WARNING - API endpoint not found: /api/process-stats
2025-09-05 00:25:13 - WARNING - API endpoint not found: /api/process-stats
2025-09-05 00:25:23 - WARNING - API endpoint not found: /api/process-stats
2025-09-05 00:25:33 - WARNING - API endpoint not found: /api/process-stats
2025-09-05 00:25:43 - WARNING - API endpoint not found: /api/process-stats
2025-09-05 00:25:53 - WARNING - API endpoint not found: /api/process-stats
2025-09-05 00:25:55 - INFO - Screenshot 1 uploaded successfully
2025-09-05 00:25:55 - INFO - Screenshot capture cycle completed
2025-09-05 00:26:03 - WARNING - API endpoint not found: /api/process-stats
2025-09-05 00:26:14 - WARNING - API endpoint not found: /api/process-stats
2025-09-05 00:26:24 - WARNING - API endpoint not found: /api/process-stats
2025-09-05 00:26:34 - WARNING - API endpoint not found: /api/process-stats
2025-09-05 00:26:44 - WARNING - API endpoint not found: /api/process-stats
2025-09-05 00:26:54 - WARNING - API endpoint not found: /api/process-stats
2025-09-05 00:26:56 - INFO - Screenshot 1 uploaded successfully
2025-09-05 00:26:56 - INFO - Screenshot capture cycle completed
2025-09-05 00:27:04 - WARNING - API endpoint not found: /api/process-stats
2025-09-05 00:27:14 - WARNING - API endpoint not found: /api/process-stats
2025-09-05 00:27:24 - WARNING - API endpoint not found: /api/process-stats
2025-09-05 00:27:34 - WARNING - API endpoint not found: /api/process-stats
2025-09-05 00:27:44 - WARNING - API endpoint not found: /api/process-stats
2025-09-05 00:27:54 - WARNING - API endpoint not found: /api/process-stats
2025-09-05 00:27:56 - INFO - Screenshot 1 uploaded successfully
2025-09-05 00:27:56 - INFO - Screenshot capture cycle completed
2025-09-05 00:28:04 - WARNING - API endpoint not found: /api/process-stats
2025-09-05 00:28:14 - WARNING - API endpoint not found: /api/process-stats
2025-09-05 00:28:24 - WARNING - API endpoint not found: /api/process-stats
2025-09-05 00:28:34 - WARNING - API endpoint not found: /api/process-stats
2025-09-05 00:28:44 - WARNING - API endpoint not found: /api/process-stats
2025-09-05 00:28:54 - WARNING - API endpoint not found: /api/process-stats
2025-09-05 00:28:56 - INFO - Screenshot 1 uploaded successfully
2025-09-05 00:28:56 - INFO - Screenshot capture cycle completed
2025-09-05 00:29:04 - WARNING - API endpoint not found: /api/process-stats
2025-09-05 00:29:14 - WARNING - API endpoint not found: /api/process-stats
2025-09-05 00:29:22 - INFO - Stopping stealth stream
2025-09-05 00:29:24 - WARNING - API endpoint not found: /api/process-stats
2025-09-05 00:29:34 - WARNING - API endpoint not found: /api/process-stats
2025-09-05 00:29:44 - WARNING - API endpoint not found: /api/process-stats
2025-09-05 00:29:54 - WARNING - API endpoint not found: /api/process-stats
2025-09-05 00:29:56 - INFO - Screenshot 1 uploaded successfully
2025-09-05 00:29:56 - INFO - Screenshot capture cycle completed
2025-09-05 00:30:04 - WARNING - API endpoint not found: /api/process-stats
2025-09-05 00:30:15 - WARNING - API endpoint not found: /api/process-stats
2025-09-05 00:30:25 - WARNING - API endpoint not found: /api/process-stats
2025-09-05 00:30:35 - WARNING - API endpoint not found: /api/process-stats
2025-09-05 00:30:45 - WARNING - API endpoint not found: /api/process-stats
2025-09-05 00:30:55 - WARNING - API endpoint not found: /api/process-stats
2025-09-05 00:30:56 - INFO - Screenshot 1 uploaded successfully
2025-09-05 00:30:56 - INFO - Screenshot capture cycle completed
2025-09-05 00:31:05 - WARNING - API endpoint not found: /api/process-stats
2025-09-05 00:31:15 - WARNING - API endpoint not found: /api/process-stats
2025-09-05 00:31:16 - INFO - Client registered successfully
2025-09-05 00:31:16 - INFO - Screenshot capture started
2025-09-05 00:31:16 - INFO - Browser monitoring started
2025-09-05 00:31:16 - INFO - Process monitoring started
2025-09-05 00:31:16 - INFO - Stream handler started - waiting for stream requests
2025-09-05 00:31:16 - INFO - Tenjo client started successfully
2025-09-05 00:31:16 - INFO - Screenshot 1 uploaded successfully
2025-09-05 00:31:16 - INFO - Screenshot capture cycle completed
2025-09-05 00:31:25 - WARNING - API endpoint not found: /api/process-stats
2025-09-05 00:31:33 - INFO - Client stopped by user
2025-09-05 00:31:35 - WARNING - API endpoint not found: /api/process-stats
2025-09-05 00:31:45 - WARNING - API endpoint not found: /api/process-stats
2025-09-05 00:31:55 - WARNING - API endpoint not found: /api/process-stats
2025-09-05 00:31:56 - INFO - Screenshot 1 uploaded successfully
2025-09-05 00:31:56 - INFO - Screenshot capture cycle completed
2025-09-05 00:32:05 - WARNING - API endpoint not found: /api/process-stats
2025-09-05 00:32:15 - WARNING - API endpoint not found: /api/process-stats
2025-09-05 00:32:25 - WARNING - API endpoint not found: /api/process-stats
2025-09-05 00:32:35 - WARNING - API endpoint not found: /api/process-stats
2025-09-05 00:32:45 - WARNING - API endpoint not found: /api/process-stats
2025-09-05 00:32:55 - WARNING - API endpoint not found: /api/process-stats
2025-09-05 00:32:56 - INFO - Screenshot 1 uploaded successfully
2025-09-05 00:32:56 - INFO - Screenshot capture cycle completed
2025-09-05 00:33:05 - WARNING - API endpoint not found: /api/process-stats
2025-09-05 00:33:15 - WARNING - API endpoint not found: /api/process-stats
2025-09-05 00:33:25 - WARNING - API endpoint not found: /api/process-stats
2025-09-05 00:33:35 - WARNING - API endpoint not found: /api/process-stats
2025-09-05 00:33:45 - WARNING - API endpoint not found: /api/process-stats
2025-09-05 00:33:56 - WARNING - API endpoint not found: /api/process-stats
2025-09-05 00:33:57 - INFO - Screenshot 1 uploaded successfully
2025-09-05 00:33:57 - INFO - Screenshot capture cycle completed
2025-09-05 00:34:07 - WARNING - API endpoint not found: /api/process-stats
2025-09-05 00:34:17 - WARNING - API endpoint not found: /api/process-stats
2025-09-05 00:34:27 - WARNING - API endpoint not found: /api/process-stats
2025-09-05 00:34:37 - WARNING - API endpoint not found: /api/process-stats
2025-09-05 00:34:47 - WARNING - API endpoint not found: /api/process-stats
2025-09-05 00:34:57 - INFO - Screenshot 1 uploaded successfully
2025-09-05 00:34:57 - INFO - Screenshot capture cycle completed
2025-09-05 00:34:57 - WARNING - API endpoint not found: /api/process-stats
2025-09-05 00:35:07 - WARNING - API endpoint not found: /api/process-stats
2025-09-05 00:35:17 - WARNING - API endpoint not found: /api/process-stats
2025-09-05 00:35:27 - WARNING - API endpoint not found: /api/process-stats
2025-09-05 00:35:37 - WARNING - API endpoint not found: /api/process-stats
2025-09-05 00:35:47 - WARNING - API endpoint not found: /api/process-stats
2025-09-05 00:35:57 - INFO - Screenshot 1 uploaded successfully
2025-09-05 00:35:57 - INFO - Screenshot capture cycle completed
2025-09-05 00:35:57 - WARNING - API endpoint not found: /api/process-stats
2025-09-05 00:36:07 - WARNING - API endpoint not found: /api/process-stats
2025-09-05 00:36:17 - WARNING - API endpoint not found: /api/process-stats
2025-09-05 00:36:27 - WARNING - API endpoint not found: /api/process-stats
2025-09-05 00:36:37 - WARNING - API endpoint not found: /api/process-stats
2025-09-05 00:36:47 - WARNING - API endpoint not found: /api/process-stats
2025-09-05 00:36:57 - INFO - Screenshot 1 uploaded successfully
2025-09-05 00:36:57 - INFO - Screenshot capture cycle completed
2025-09-05 00:36:57 - WARNING - API endpoint not found: /api/process-stats
2025-09-05 00:37:08 - WARNING - API endpoint not found: /api/process-stats
2025-09-05 00:37:18 - WARNING - API endpoint not found: /api/process-stats
2025-09-05 00:37:28 - WARNING - API endpoint not found: /api/process-stats
2025-09-05 00:37:38 - WARNING - API endpoint not found: /api/process-stats
2025-09-05 00:37:48 - WARNING - API endpoint not found: /api/process-stats
2025-09-05 00:37:57 - INFO - Screenshot 1 uploaded successfully
2025-09-05 00:37:57 - INFO - Screenshot capture cycle completed
2025-09-05 00:37:58 - WARNING - API endpoint not found: /api/process-stats
2025-09-05 00:38:08 - WARNING - API endpoint not found: /api/process-stats
2025-09-05 00:38:18 - WARNING - API endpoint not found: /api/process-stats
2025-09-05 00:38:28 - WARNING - API endpoint not found: /api/process-stats
2025-09-05 00:38:38 - WARNING - API endpoint not found: /api/process-stats
2025-09-05 00:38:48 - WARNING - API endpoint not found: /api/process-stats
2025-09-05 00:38:57 - INFO - Screenshot 1 uploaded successfully
2025-09-05 00:38:57 - INFO - Screenshot capture cycle completed
2025-09-05 00:38:58 - WARNING - API endpoint not found: /api/process-stats
2025-09-05 00:39:08 - WARNING - API endpoint not found: /api/process-stats
2025-09-05 00:39:18 - WARNING - API endpoint not found: /api/process-stats
2025-09-05 00:39:28 - WARNING - API endpoint not found: /api/process-stats
2025-09-05 00:39:38 - WARNING - API endpoint not found: /api/process-stats
2025-09-05 00:39:48 - WARNING - API endpoint not found: /api/process-stats
2025-09-05 00:39:57 - INFO - Screenshot 1 uploaded successfully
2025-09-05 00:39:57 - INFO - Screenshot capture cycle completed
2025-09-05 00:39:58 - WARNING - API endpoint not found: /api/process-stats
2025-09-05 00:40:08 - WARNING - API endpoint not found: /api/process-stats
2025-09-05 00:40:18 - WARNING - API endpoint not found: /api/process-stats
2025-09-05 00:40:28 - WARNING - API endpoint not found: /api/process-stats
2025-09-05 00:40:38 - WARNING - API endpoint not found: /api/process-stats
2025-09-05 00:40:49 - WARNING - API endpoint not found: /api/process-stats
2025-09-05 00:40:57 - INFO - Screenshot 1 uploaded successfully
2025-09-05 00:40:57 - INFO - Screenshot capture cycle completed
2025-09-05 00:40:59 - WARNING - API endpoint not found: /api/process-stats
2025-09-05 00:41:09 - WARNING - API endpoint not found: /api/process-stats
2025-09-05 00:41:20 - WARNING - API endpoint not found: /api/process-stats
2025-09-05 00:41:30 - WARNING - API endpoint not found: /api/process-stats
2025-09-05 00:41:40 - WARNING - API endpoint not found: /api/process-stats
2025-09-05 00:41:50 - WARNING - API endpoint not found: /api/process-stats
2025-09-05 00:41:58 - INFO - Screenshot 1 uploaded successfully
2025-09-05 00:41:58 - INFO - Screenshot capture cycle completed
2025-09-05 00:42:00 - WARNING - API endpoint not found: /api/process-stats
2025-09-05 00:42:10 - WARNING - API endpoint not found: /api/process-stats
2025-09-05 00:42:20 - WARNING - API endpoint not found: /api/process-stats
2025-09-05 00:42:30 - WARNING - API endpoint not found: /api/process-stats
2025-09-05 00:42:40 - WARNING - API endpoint not found: /api/process-stats
2025-09-05 00:42:50 - WARNING - API endpoint not found: /api/process-stats
2025-09-05 00:42:58 - INFO - Screenshot 1 uploaded successfully
2025-09-05 00:42:58 - INFO - Screenshot capture cycle completed
2025-09-05 00:43:00 - WARNING - API endpoint not found: /api/process-stats
2025-09-05 00:43:10 - WARNING - API endpoint not found: /api/process-stats
2025-09-05 00:43:20 - WARNING - API endpoint not found: /api/process-stats
2025-09-05 00:43:30 - WARNING - API endpoint not found: /api/process-stats
2025-09-05 00:43:40 - WARNING - API endpoint not found: /api/process-stats
2025-09-05 00:43:50 - WARNING - API endpoint not found: /api/process-stats
2025-09-05 00:43:58 - INFO - Screenshot 1 uploaded successfully
2025-09-05 00:43:58 - INFO - Screenshot capture cycle completed
2025-09-05 00:44:01 - WARNING - API endpoint not found: /api/process-stats
2025-09-05 00:44:11 - WARNING - API endpoint not found: /api/process-stats
2025-09-05 00:44:21 - WARNING - API endpoint not found: /api/process-stats
2025-09-05 00:44:31 - WARNING - API endpoint not found: /api/process-stats
2025-09-05 00:44:41 - WARNING - API endpoint not found: /api/process-stats
2025-09-05 00:44:51 - WARNING - API endpoint not found: /api/process-stats
2025-09-05 00:44:58 - INFO - Screenshot 1 uploaded successfully
2025-09-05 00:44:58 - INFO - Screenshot capture cycle completed
2025-09-05 00:45:01 - WARNING - API endpoint not found: /api/process-stats
2025-09-05 00:45:11 - WARNING - API endpoint not found: /api/process-stats
2025-09-05 00:45:21 - WARNING - API endpoint not found: /api/process-stats
2025-09-05 00:45:31 - WARNING - API endpoint not found: /api/process-stats
2025-09-05 00:45:41 - WARNING - API endpoint not found: /api/process-stats
2025-09-05 00:45:51 - WARNING - API endpoint not found: /api/process-stats
2025-09-05 00:45:58 - INFO - Screenshot 1 uploaded successfully
2025-09-05 00:45:58 - INFO - Screenshot capture cycle completed
2025-09-05 00:46:01 - WARNING - API endpoint not found: /api/process-stats
2025-09-05 00:46:11 - WARNING - API endpoint not found: /api/process-stats
2025-09-05 00:46:21 - WARNING - API endpoint not found: /api/process-stats
2025-09-05 00:46:31 - WARNING - API endpoint not found: /api/process-stats
2025-09-05 00:46:41 - WARNING - API endpoint not found: /api/process-stats
2025-09-05 00:46:51 - WARNING - API endpoint not found: /api/process-stats
2025-09-05 00:46:58 - INFO - Screenshot 1 uploaded successfully
2025-09-05 00:46:58 - INFO - Screenshot capture cycle completed
2025-09-05 00:47:01 - WARNING - API endpoint not found: /api/process-stats
2025-09-05 00:47:11 - WARNING - API endpoint not found: /api/process-stats
2025-09-05 00:47:21 - WARNING - API endpoint not found: /api/process-stats
2025-09-05 00:47:32 - WARNING - API endpoint not found: /api/process-stats
2025-09-05 00:47:42 - WARNING - API endpoint not found: /api/process-stats
2025-09-05 00:47:52 - WARNING - API endpoint not found: /api/process-stats
2025-09-05 00:47:59 - INFO - Screenshot 1 uploaded successfully
2025-09-05 00:47:59 - INFO - Screenshot capture cycle completed
2025-09-05 00:48:02 - WARNING - API endpoint not found: /api/process-stats
2025-09-05 00:48:12 - WARNING - API endpoint not found: /api/process-stats
2025-09-05 00:48:22 - WARNING - API endpoint not found: /api/process-stats
2025-09-05 00:48:32 - WARNING - API endpoint not found: /api/process-stats
2025-09-05 00:48:42 - WARNING - API endpoint not found: /api/process-stats
2025-09-05 00:48:52 - WARNING - API endpoint not found: /api/process-stats
2025-09-05 00:48:59 - INFO - Screenshot 1 uploaded successfully
2025-09-05 00:48:59 - INFO - Screenshot capture cycle completed
2025-09-05 00:49:02 - WARNING - API endpoint not found: /api/process-stats
2025-09-05 00:49:12 - WARNING - API endpoint not found: /api/process-stats
2025-09-05 00:49:22 - WARNING - API endpoint not found: /api/process-stats
2025-09-05 00:49:32 - WARNING - API endpoint not found: /api/process-stats
2025-09-05 00:49:42 - WARNING - API endpoint not found: /api/process-stats
2025-09-05 00:49:52 - WARNING - API endpoint not found: /api/process-stats
2025-09-05 00:49:59 - INFO - Screenshot 1 uploaded successfully
2025-09-05 00:49:59 - INFO - Screenshot capture cycle completed
2025-09-05 00:50:02 - WARNING - API endpoint not found: /api/process-stats
2025-09-05 00:50:12 - WARNING - API endpoint not found: /api/process-stats
2025-09-05 00:50:22 - WARNING - API endpoint not found: /api/process-stats
2025-09-05 00:50:32 - WARNING - API endpoint not found: /api/process-stats
2025-09-05 00:50:42 - WARNING - API endpoint not found: /api/process-stats
2025-09-05 00:50:53 - WARNING - API endpoint not found: /api/process-stats
2025-09-05 00:50:59 - INFO - Screenshot 1 uploaded successfully
2025-09-05 00:50:59 - INFO - Screenshot capture cycle completed
2025-09-05 00:51:03 - WARNING - API endpoint not found: /api/process-stats
2025-09-05 00:51:13 - WARNING - API endpoint not found: /api/process-stats
2025-09-05 00:51:23 - WARNING - API endpoint not found: /api/process-stats
2025-09-05 00:51:33 - WARNING - API endpoint not found: /api/process-stats
2025-09-05 00:51:43 - WARNING - API endpoint not found: /api/process-stats
2025-09-05 00:51:53 - WARNING - API endpoint not found: /api/process-stats
2025-09-05 00:51:59 - INFO - Screenshot 1 uploaded successfully
2025-09-05 00:51:59 - INFO - Screenshot capture cycle completed
2025-09-05 00:52:03 - WARNING - API endpoint not found: /api/process-stats
2025-09-05 00:52:13 - WARNING - API endpoint not found: /api/process-stats
2025-09-05 00:52:23 - WARNING - API endpoint not found: /api/process-stats
2025-09-05 00:52:33 - WARNING - API endpoint not found: /api/process-stats
2025-09-05 00:52:43 - WARNING - API endpoint not found: /api/process-stats
2025-09-05 00:52:53 - WARNING - API endpoint not found: /api/process-stats
2025-09-05 00:52:59 - INFO - Screenshot 1 uploaded successfully
2025-09-05 00:52:59 - INFO - Screenshot capture cycle completed
2025-09-05 00:53:03 - WARNING - API endpoint not found: /api/process-stats
2025-09-05 00:53:13 - WARNING - API endpoint not found: /api/process-stats
2025-09-05 00:53:23 - WARNING - API endpoint not found: /api/process-stats
2025-09-05 00:53:33 - WARNING - API endpoint not found: /api/process-stats
2025-09-05 00:53:43 - WARNING - API endpoint not found: /api/process-stats
2025-09-05 00:53:53 - WARNING - API endpoint not found: /api/process-stats
2025-09-05 00:53:59 - INFO - Screenshot 1 uploaded successfully
2025-09-05 00:53:59 - INFO - Screenshot capture cycle completed
2025-09-05 01:00:09 - INFO - Client registered successfully
2025-09-05 01:00:09 - INFO - Screenshot capture started
2025-09-05 01:00:09 - INFO - Browser monitoring started
2025-09-05 01:00:09 - INFO - Process monitoring started
2025-09-05 01:00:09 - INFO - Stream handler started - waiting for stream requests
2025-09-05 01:00:09 - INFO - Tenjo client started successfully
2025-09-05 01:00:09 - WARNING - API endpoint not found: /api/screenshots
2025-09-05 01:00:09 - ERROR - Failed to upload screenshot 1
2025-09-05 01:00:09 - INFO - Screenshot capture cycle completed
2025-09-05 01:00:26 - INFO - Client stopped by user
2025-09-05 01:01:10 - INFO - Client registered successfully
2025-09-05 01:01:10 - INFO - Client registered successfully
2025-09-05 01:01:10 - INFO - Screenshot capture started
2025-09-05 01:01:10 - INFO - Browser monitoring started
2025-09-05 01:01:10 - INFO - Process monitoring started
2025-09-05 01:01:10 - INFO - Stream handler started - waiting for stream requests
2025-09-05 01:01:10 - INFO - Tenjo client started successfully
2025-09-05 01:01:10 - WARNING - API endpoint not found: /api/screenshots
2025-09-05 01:01:10 - ERROR - Failed to upload screenshot 1
2025-09-05 01:01:10 - INFO - Screenshot capture cycle completed
2025-09-05 01:05:17 - INFO - Client registered successfully
2025-09-05 01:05:17 - INFO - Screenshot capture started
2025-09-05 01:05:17 - INFO - Browser monitoring started
2025-09-05 01:05:17 - INFO - Process monitoring started
2025-09-05 01:05:17 - INFO - Stream handler started - waiting for stream requests
2025-09-05 01:05:17 - INFO - Tenjo client started successfully
2025-09-05 01:05:17 - WARNING - API endpoint not found: /api/screenshots
2025-09-05 01:05:17 - ERROR - Failed to upload screenshot 1
2025-09-05 01:05:17 - INFO - Screenshot capture cycle completed
2025-09-05 01:05:43 - WARNING - API endpoint not found: /api/process-stats
2025-09-05 01:05:54 - WARNING - API endpoint not found: /api/process-stats
2025-09-05 01:06:04 - WARNING - API endpoint not found: /api/process-stats
2025-09-05 01:08:38 - INFO - Client registered successfully
2025-09-05 01:08:38 - INFO - Screenshot capture started
2025-09-05 01:08:38 - INFO - Browser monitoring started
2025-09-05 01:08:38 - INFO - Process monitoring started
2025-09-05 01:08:38 - INFO - Stream handler started - waiting for stream requests
2025-09-05 01:08:38 - INFO - Tenjo client started successfully
2025-09-05 01:08:38 - INFO - Starting stealth stream with quality: medium
2025-09-05 01:08:38 - INFO - Screenshot 1 uploaded successfully
2025-09-05 01:08:38 - INFO - Screenshot capture cycle completed
2025-09-05 01:09:03 - WARNING - API endpoint not found: /api/process-stats
2025-09-05 01:15:18 - INFO - Client registered successfully
2025-09-05 01:15:18 - INFO - Screenshot capture started
2025-09-05 01:15:18 - INFO - Browser monitoring started
2025-09-05 01:15:18 - INFO - Process monitoring started
2025-09-05 01:15:18 - INFO - Stream handler started - waiting for stream requests
2025-09-05 01:15:18 - INFO - Tenjo client started successfully
2025-09-05 01:15:18 - INFO - Screenshot 1 uploaded successfully
2025-09-05 01:15:18 - INFO - Screenshot capture cycle completed
2025-09-05 01:15:33 - INFO - Client stopped by user
2025-09-05 01:15:47 - INFO - Client registered successfully
2025-09-05 01:15:47 - INFO - Screenshot capture started
2025-09-05 01:15:47 - INFO - Browser monitoring started
2025-09-05 01:15:47 - INFO - Process monitoring started
2025-09-05 01:15:47 - INFO - Stream handler started - waiting for stream requests
2025-09-05 01:15:48 - INFO - Tenjo client started successfully
2025-09-05 01:15:48 - INFO - Starting stealth stream with quality: medium
2025-09-05 01:15:48 - INFO - Screenshot 1 uploaded successfully
2025-09-05 01:15:48 - INFO - Screenshot capture cycle completed
2025-09-05 01:16:12 - WARNING - API endpoint not found: /api/process-stats
2025-09-05 01:16:22 - WARNING - API endpoint not found: /api/process-stats
2025-09-05 01:16:32 - WARNING - API endpoint not found: /api/process-stats
2025-09-05 01:16:40 - INFO - Stopping stealth stream
2025-09-05 01:16:42 - WARNING - API endpoint not found: /api/process-stats
2025-09-05 01:16:48 - INFO - Screenshot 1 uploaded successfully
2025-09-05 01:16:48 - INFO - Screenshot capture cycle completed
2025-09-05 01:16:52 - WARNING - API endpoint not found: /api/process-stats
2025-09-05 01:16:54 - INFO - Starting stealth stream with quality: medium
2025-09-05 01:17:02 - WARNING - API endpoint not found: /api/process-stats
2025-09-05 01:17:12 - WARNING - API endpoint not found: /api/process-stats
2025-09-05 01:17:22 - WARNING - API endpoint not found: /api/process-stats
2025-09-05 01:17:32 - WARNING - API endpoint not found: /api/process-stats
2025-09-05 01:17:43 - WARNING - API endpoint not found: /api/process-stats
2025-09-05 01:17:48 - INFO - Screenshot 1 uploaded successfully
2025-09-05 01:17:48 - INFO - Screenshot capture cycle completed
2025-09-05 01:17:53 - WARNING - API endpoint not found: /api/process-stats
2025-09-05 01:18:24 - INFO - Client registered successfully
2025-09-05 01:18:24 - INFO - Screenshot capture started
2025-09-05 01:18:24 - INFO - Browser monitoring started
2025-09-05 01:18:24 - INFO - Process monitoring started
2025-09-05 01:18:24 - INFO - Stream handler started - waiting for stream requests
2025-09-05 01:18:24 - INFO - Tenjo client started successfully
2025-09-05 01:18:24 - INFO - Starting stealth stream with quality: medium
2025-09-05 01:18:24 - INFO - Screenshot 1 uploaded successfully
2025-09-05 01:18:24 - INFO - Screenshot capture cycle completed
2025-09-05 01:18:48 - WARNING - API endpoint not found: /api/process-stats
