2025-09-04 20:44:46,179 - INFO - Tenjo Client starting up...
2025-09-04 20:44:51,235 - INFO - Network connectivity confirmed
2025-09-04 20:44:51,329 - INFO - Dependencies check passed
2025-09-04 20:44:51,329 - INFO - Starting Tenjo Client main process...
Traceback (most recent call last):
  File "/Users/yapi/Adi/App-Dev/Tenjo/client/main.py", line 14, in <module>
    from src.core.config import Config
ImportError: cannot import name 'Config' from 'src.core.config' (/Users/yapi/Adi/App-Dev/Tenjo/client/src/core/config.py)
2025-09-04 20:44:51,422 - INFO - Main process exited with code: 1
2025-09-04 20:45:16,522 - INFO - Tenjo Client starting up...
2025-09-04 20:45:21,642 - INFO - Network connectivity confirmed
2025-09-04 20:45:21,735 - INFO - Dependencies check passed
2025-09-04 20:45:21,735 - INFO - Starting Tenjo Client main process...
Traceback (most recent call last):
  File "/Users/yapi/Adi/App-Dev/Tenjo/client/main.py", line 14, in <module>
    from src.core.config import Config
ImportError: cannot import name 'Config' from 'src.core.config' (/Users/yapi/Adi/App-Dev/Tenjo/client/src/core/config.py)
2025-09-04 20:45:21,848 - INFO - Main process exited with code: 1
2025-09-04 20:45:46,957 - INFO - Tenjo Client starting up...
2025-09-04 20:45:52,074 - INFO - Network connectivity confirmed
2025-09-04 20:45:52,169 - INFO - Dependencies check passed
2025-09-04 20:45:52,169 - INFO - Starting Tenjo Client main process...
Traceback (most recent call last):
  File "/Users/yapi/Adi/App-Dev/Tenjo/client/main.py", line 14, in <module>
    from src.core.config import Config
ImportError: cannot import name 'Config' from 'src.core.config' (/Users/yapi/Adi/App-Dev/Tenjo/client/src/core/config.py)
2025-09-04 20:45:52,281 - INFO - Main process exited with code: 1
2025-09-04 20:46:17,349 - INFO - Tenjo Client starting up...
2025-09-04 20:46:22,462 - INFO - Network connectivity confirmed
2025-09-04 20:46:22,548 - INFO - Dependencies check passed
2025-09-04 20:46:22,548 - INFO - Starting Tenjo Client main process...
Traceback (most recent call last):
  File "/Users/yapi/Adi/App-Dev/Tenjo/client/main.py", line 14, in <module>
    from src.core.config import Config
ImportError: cannot import name 'Config' from 'src.core.config' (/Users/yapi/Adi/App-Dev/Tenjo/client/src/core/config.py)
2025-09-04 20:46:22,648 - INFO - Main process exited with code: 1
2025-09-04 20:46:47,757 - INFO - Tenjo Client starting up...
2025-09-04 20:46:52,877 - INFO - Network connectivity confirmed
2025-09-04 20:46:52,967 - INFO - Dependencies check passed
2025-09-04 20:46:52,967 - INFO - Starting Tenjo Client main process...
Traceback (most recent call last):
  File "/Users/yapi/Adi/App-Dev/Tenjo/client/main.py", line 14, in <module>
    from src.core.config import Config
ImportError: cannot import name 'Config' from 'src.core.config' (/Users/yapi/Adi/App-Dev/Tenjo/client/src/core/config.py)
2025-09-04 20:46:53,080 - INFO - Main process exited with code: 1
2025-09-04 20:47:18,181 - INFO - Tenjo Client starting up...
2025-09-04 20:47:23,253 - INFO - Network connectivity confirmed
2025-09-04 20:47:23,347 - INFO - Dependencies check passed
2025-09-04 20:47:23,347 - INFO - Starting Tenjo Client main process...
Traceback (most recent call last):
  File "/Users/yapi/Adi/App-Dev/Tenjo/client/main.py", line 14, in <module>
    from src.core.config import Config
ImportError: cannot import name 'Config' from 'src.core.config' (/Users/yapi/Adi/App-Dev/Tenjo/client/src/core/config.py)
2025-09-04 20:47:23,455 - INFO - Main process exited with code: 1
2025-09-04 20:47:48,564 - INFO - Tenjo Client starting up...
2025-09-04 20:47:53,616 - INFO - Network connectivity confirmed
2025-09-04 20:47:53,704 - INFO - Dependencies check passed
2025-09-04 20:47:53,705 - INFO - Starting Tenjo Client main process...
Traceback (most recent call last):
  File "/Users/yapi/Adi/App-Dev/Tenjo/client/main.py", line 14, in <module>
    from src.core.config import Config
ImportError: cannot import name 'Config' from 'src.core.config' (/Users/yapi/Adi/App-Dev/Tenjo/client/src/core/config.py)
2025-09-04 20:47:53,815 - INFO - Main process exited with code: 1
2025-09-04 20:48:18,921 - INFO - Tenjo Client starting up...
2025-09-04 20:48:23,963 - INFO - Network connectivity confirmed
2025-09-04 20:48:24,047 - INFO - Dependencies check passed
2025-09-04 20:48:24,047 - INFO - Starting Tenjo Client main process...
Traceback (most recent call last):
  File "/Users/yapi/Adi/App-Dev/Tenjo/client/main.py", line 14, in <module>
    from src.core.config import Config
ImportError: cannot import name 'Config' from 'src.core.config' (/Users/yapi/Adi/App-Dev/Tenjo/client/src/core/config.py)
2025-09-04 20:48:24,161 - INFO - Main process exited with code: 1
2025-09-04 20:48:49,259 - INFO - Tenjo Client starting up...
2025-09-04 20:48:54,325 - INFO - Network connectivity confirmed
2025-09-04 20:48:54,417 - INFO - Dependencies check passed
2025-09-04 20:48:54,417 - INFO - Starting Tenjo Client main process...
Traceback (most recent call last):
  File "/Users/yapi/Adi/App-Dev/Tenjo/client/main.py", line 14, in <module>
    from src.core.config import Config
ImportError: cannot import name 'Config' from 'src.core.config' (/Users/yapi/Adi/App-Dev/Tenjo/client/src/core/config.py)
2025-09-04 20:48:54,525 - INFO - Main process exited with code: 1
2025-09-04 20:49:19,625 - INFO - Tenjo Client starting up...
2025-09-04 20:49:24,728 - INFO - Network connectivity confirmed
2025-09-04 20:49:24,819 - INFO - Dependencies check passed
2025-09-04 20:49:24,819 - INFO - Starting Tenjo Client main process...
Traceback (most recent call last):
  File "/Users/yapi/Adi/App-Dev/Tenjo/client/main.py", line 14, in <module>
    from src.core.config import Config
ImportError: cannot import name 'Config' from 'src.core.config' (/Users/yapi/Adi/App-Dev/Tenjo/client/src/core/config.py)
2025-09-04 20:49:24,925 - INFO - Main process exited with code: 1
2025-09-04 20:49:50,022 - INFO - Tenjo Client starting up...
2025-09-04 20:49:55,116 - INFO - Network connectivity confirmed
2025-09-04 20:49:55,218 - INFO - Dependencies check passed
2025-09-04 20:49:55,218 - INFO - Starting Tenjo Client main process...
Traceback (most recent call last):
  File "/Users/yapi/Adi/App-Dev/Tenjo/client/main.py", line 14, in <module>
    from src.core.config import Config
ImportError: cannot import name 'Config' from 'src.core.config' (/Users/yapi/Adi/App-Dev/Tenjo/client/src/core/config.py)
2025-09-04 20:49:55,326 - INFO - Main process exited with code: 1
2025-09-04 20:50:20,402 - INFO - Tenjo Client starting up...
2025-09-04 20:50:25,475 - INFO - Network connectivity confirmed
2025-09-04 20:50:25,544 - INFO - Dependencies check passed
2025-09-04 20:50:25,544 - INFO - Starting Tenjo Client main process...
Traceback (most recent call last):
  File "/Users/yapi/Adi/App-Dev/Tenjo/client/main.py", line 18, in <module>
    from src.modules.stream_handler import StreamHandler
  File "/Users/yapi/Adi/App-Dev/Tenjo/client/src/modules/stream_handler.py", line 7, in <module>
    import websocket
ModuleNotFoundError: No module named 'websocket'
2025-09-04 20:50:25,630 - INFO - Main process exited with code: 1
2025-09-04 20:50:50,728 - INFO - Tenjo Client starting up...
2025-09-04 20:50:55,778 - INFO - Network connectivity confirmed
2025-09-04 20:50:55,851 - INFO - Dependencies check passed
2025-09-04 20:50:55,851 - INFO - Starting Tenjo Client main process...
Traceback (most recent call last):
  File "/Users/yapi/Adi/App-Dev/Tenjo/client/main.py", line 18, in <module>
    from src.modules.stream_handler import StreamHandler
  File "/Users/yapi/Adi/App-Dev/Tenjo/client/src/modules/stream_handler.py", line 7, in <module>
    import websocket
ModuleNotFoundError: No module named 'websocket'
2025-09-04 20:50:55,934 - INFO - Main process exited with code: 1
2025-09-04 20:51:21,013 - INFO - Tenjo Client starting up...
2025-09-04 20:51:26,059 - INFO - Network connectivity confirmed
2025-09-04 20:51:26,140 - INFO - Dependencies check passed
2025-09-04 20:51:26,140 - INFO - Starting Tenjo Client main process...
Traceback (most recent call last):
  File "/Users/yapi/Adi/App-Dev/Tenjo/client/main.py", line 18, in <module>
    from src.modules.stream_handler import StreamHandler
  File "/Users/yapi/Adi/App-Dev/Tenjo/client/src/modules/stream_handler.py", line 7, in <module>
    import websocket
ModuleNotFoundError: No module named 'websocket'
2025-09-04 20:51:26,481 - INFO - Main process exited with code: 1
2025-09-04 20:51:51,554 - INFO - Tenjo Client starting up...
2025-09-04 20:51:56,656 - INFO - Network connectivity confirmed
2025-09-04 20:51:56,728 - INFO - Dependencies check passed
2025-09-04 20:51:56,728 - INFO - Starting Tenjo Client main process...
Traceback (most recent call last):
  File "/Users/yapi/Adi/App-Dev/Tenjo/client/main.py", line 18, in <module>
    from src.modules.stream_handler import StreamHandler
  File "/Users/yapi/Adi/App-Dev/Tenjo/client/src/modules/stream_handler.py", line 7, in <module>
    import websocket
ModuleNotFoundError: No module named 'websocket'
2025-09-04 20:51:56,807 - INFO - Main process exited with code: 1
2025-09-04 20:52:21,896 - INFO - Tenjo Client starting up...
2025-09-04 20:52:27,002 - INFO - Network connectivity confirmed
2025-09-04 20:52:27,072 - INFO - Dependencies check passed
2025-09-04 20:52:27,072 - INFO - Starting Tenjo Client main process...
Traceback (most recent call last):
  File "/Users/yapi/Adi/App-Dev/Tenjo/client/main.py", line 18, in <module>
    from src.modules.stream_handler import StreamHandler
  File "/Users/yapi/Adi/App-Dev/Tenjo/client/src/modules/stream_handler.py", line 7, in <module>
    import websocket
ModuleNotFoundError: No module named 'websocket'
2025-09-04 20:52:27,168 - INFO - Main process exited with code: 1
2025-09-04 20:52:52,273 - INFO - Tenjo Client starting up...
2025-09-04 20:52:57,427 - INFO - Network connectivity confirmed
2025-09-04 20:52:57,522 - INFO - Dependencies check passed
2025-09-04 20:52:57,522 - INFO - Starting Tenjo Client main process...
Traceback (most recent call last):
  File "/Users/yapi/Adi/App-Dev/Tenjo/client/main.py", line 18, in <module>
    from src.modules.stream_handler import StreamHandler
  File "/Users/yapi/Adi/App-Dev/Tenjo/client/src/modules/stream_handler.py", line 7, in <module>
    import websocket
ModuleNotFoundError: No module named 'websocket'
2025-09-04 20:52:57,644 - INFO - Main process exited with code: 1
2025-09-04 20:53:22,720 - INFO - Tenjo Client starting up...
2025-09-04 20:53:27,766 - INFO - Network connectivity confirmed
2025-09-04 20:53:27,842 - INFO - Dependencies check passed
2025-09-04 20:53:27,842 - INFO - Starting Tenjo Client main process...
Traceback (most recent call last):
  File "/Users/yapi/Adi/App-Dev/Tenjo/client/main.py", line 18, in <module>
    from src.modules.stream_handler import StreamHandler
  File "/Users/yapi/Adi/App-Dev/Tenjo/client/src/modules/stream_handler.py", line 7, in <module>
    import websocket
ModuleNotFoundError: No module named 'websocket'
2025-09-04 20:53:27,922 - INFO - Main process exited with code: 1
2025-09-04 20:53:53,005 - INFO - Tenjo Client starting up...
2025-09-04 20:53:58,121 - INFO - Network connectivity confirmed
2025-09-04 20:53:58,215 - INFO - Dependencies check passed
2025-09-04 20:53:58,215 - INFO - Starting Tenjo Client main process...
Traceback (most recent call last):
  File "/Users/yapi/Adi/App-Dev/Tenjo/client/main.py", line 18, in <module>
    from src.modules.stream_handler import StreamHandler
  File "/Users/yapi/Adi/App-Dev/Tenjo/client/src/modules/stream_handler.py", line 7, in <module>
    import websocket
ModuleNotFoundError: No module named 'websocket'
2025-09-04 20:53:58,339 - INFO - Main process exited with code: 1
2025-09-04 20:54:23,417 - INFO - Tenjo Client starting up...
2025-09-04 20:54:28,534 - INFO - Network connectivity confirmed
2025-09-04 20:54:28,610 - INFO - Dependencies check passed
2025-09-04 20:54:28,610 - INFO - Starting Tenjo Client main process...
Traceback (most recent call last):
  File "/Users/yapi/Adi/App-Dev/Tenjo/client/main.py", line 18, in <module>
    from src.modules.stream_handler import StreamHandler
  File "/Users/yapi/Adi/App-Dev/Tenjo/client/src/modules/stream_handler.py", line 7, in <module>
    import websocket
ModuleNotFoundError: No module named 'websocket'
2025-09-04 20:54:28,691 - INFO - Main process exited with code: 1
2025-09-04 20:54:53,789 - INFO - Tenjo Client starting up...
2025-09-04 20:54:58,906 - INFO - Network connectivity confirmed
2025-09-04 20:54:58,980 - INFO - Dependencies check passed
2025-09-04 20:54:58,980 - INFO - Starting Tenjo Client main process...
Traceback (most recent call last):
  File "/Users/yapi/Adi/App-Dev/Tenjo/client/main.py", line 18, in <module>
    from src.modules.stream_handler import StreamHandler
  File "/Users/yapi/Adi/App-Dev/Tenjo/client/src/modules/stream_handler.py", line 7, in <module>
    import websocket
ModuleNotFoundError: No module named 'websocket'
2025-09-04 20:54:59,063 - INFO - Main process exited with code: 1
2025-09-04 20:55:24,172 - INFO - Tenjo Client starting up...
2025-09-04 20:55:29,290 - INFO - Network connectivity confirmed
2025-09-04 20:55:29,379 - INFO - Dependencies check passed
2025-09-04 20:55:29,379 - INFO - Starting Tenjo Client main process...
Traceback (most recent call last):
  File "/Users/yapi/Adi/App-Dev/Tenjo/client/main.py", line 18, in <module>
    from src.modules.stream_handler import StreamHandler
  File "/Users/yapi/Adi/App-Dev/Tenjo/client/src/modules/stream_handler.py", line 7, in <module>
    import websocket
ModuleNotFoundError: No module named 'websocket'
2025-09-04 20:55:29,525 - INFO - Main process exited with code: 1
2025-09-04 20:55:54,616 - INFO - Tenjo Client starting up...
2025-09-04 20:55:59,733 - INFO - Network connectivity confirmed
2025-09-04 20:55:59,808 - INFO - Dependencies check passed
2025-09-04 20:55:59,808 - INFO - Starting Tenjo Client main process...
Traceback (most recent call last):
  File "/Users/yapi/Adi/App-Dev/Tenjo/client/main.py", line 18, in <module>
    from src.modules.stream_handler import StreamHandler
  File "/Users/yapi/Adi/App-Dev/Tenjo/client/src/modules/stream_handler.py", line 7, in <module>
    import websocket
ModuleNotFoundError: No module named 'websocket'
2025-09-04 20:55:59,912 - INFO - Main process exited with code: 1
2025-09-04 20:56:25,000 - INFO - Tenjo Client starting up...
2025-09-04 20:56:29,990 - INFO - Network connectivity confirmed
2025-09-04 20:56:30,087 - INFO - Dependencies check passed
2025-09-04 20:56:30,087 - INFO - Starting Tenjo Client main process...
2025-09-04 23:43:17,173 - INFO - Main process exited with code: -15
2025-09-04 23:43:17,248 - INFO - Tenjo Client starting up...
2025-09-04 23:43:22,371 - INFO - Network connectivity confirmed
2025-09-04 23:43:22,463 - INFO - Dependencies check passed
2025-09-04 23:43:22,463 - INFO - Starting Tenjo Client main process...
2025-09-04 23:50:30,677 - INFO - Main process exited with code: -15
2025-09-04 23:50:30,749 - INFO - Tenjo Client starting up...
2025-09-04 23:50:35,826 - INFO - Network connectivity confirmed
2025-09-04 23:50:35,914 - INFO - Dependencies check passed
2025-09-04 23:50:35,914 - INFO - Starting Tenjo Client main process...
2025-09-04 23:55:04,465 - INFO - Main process exited with code: -15
2025-09-04 23:55:04,521 - INFO - Tenjo Client starting up...
2025-09-04 23:55:09,680 - INFO - Network connectivity confirmed
2025-09-04 23:55:09,773 - INFO - Dependencies check passed
2025-09-04 23:55:09,773 - INFO - Starting Tenjo Client main process...
ERROR:root:Unexpected error: module 'src.core.config' has no attribute 'SERVER_URL'
2025-09-04 23:55:09,896 - INFO - Main process exited with code: 0
